ARM GAS  C:\Users\Lamp\AppData\Local\Temp\cc60XLfz.s 			page 1


   1              		.cpu cortex-m4
   2              		.arch armv7e-m
   3              		.fpu fpv4-sp-d16
   4              		.eabi_attribute 27, 1
   5              		.eabi_attribute 28, 1
   6              		.eabi_attribute 20, 1
   7              		.eabi_attribute 21, 1
   8              		.eabi_attribute 23, 3
   9              		.eabi_attribute 24, 1
  10              		.eabi_attribute 25, 1
  11              		.eabi_attribute 26, 1
  12              		.eabi_attribute 30, 1
  13              		.eabi_attribute 34, 1
  14              		.eabi_attribute 18, 4
  15              		.file	"Active_Object.c"
  16              		.text
  17              	.Ltext0:
  18              		.cfi_sections	.debug_frame
  19              		.file 1 "Core/Src/ActiveObject/Src/Active_Object.c"
  20              		.section	.text.initial,"ax",%progbits
  21              		.align	1
  22              		.syntax unified
  23              		.thumb
  24              		.thumb_func
  26              	initial:
  27              	.LVL0:
  28              	.LFB140:
   1:Core/Src/ActiveObject/Src/Active_Object.c **** #include "Active_Object.h"
   2:Core/Src/ActiveObject/Src/Active_Object.c **** 
   3:Core/Src/ActiveObject/Src/Active_Object.c **** /*-------------------------------------------------------------------------------------------------
   4:Core/Src/ActiveObject/Src/Active_Object.c **** /* Event-loop thread function for all Active Object (FreeRTOS task signature) */
   5:Core/Src/ActiveObject/Src/Active_Object.c **** static void Active_eventloop (void *pvParameters) {
   6:Core/Src/ActiveObject/Src/Active_Object.c ****     Active *self = (Active *) pvParameters;
   7:Core/Src/ActiveObject/Src/Active_Object.c **** 
   8:Core/Src/ActiveObject/Src/Active_Object.c ****     static Event const entry_evt = { ENTRY_SIG };
   9:Core/Src/ActiveObject/Src/Active_Object.c ****     /* Active object must be provided */
  10:Core/Src/ActiveObject/Src/Active_Object.c ****     configASSERT(self);
  11:Core/Src/ActiveObject/Src/Active_Object.c **** 
  12:Core/Src/ActiveObject/Src/Active_Object.c ****     /* Vào sự kiện mới */
  13:Core/Src/ActiveObject/Src/Active_Object.c ****     (*self->dispatch) (self, &entry_evt);
  14:Core/Src/ActiveObject/Src/Active_Object.c **** 
  15:Core/Src/ActiveObject/Src/Active_Object.c ****     for(;;) {
  16:Core/Src/ActiveObject/Src/Active_Object.c ****         Event * event;  /* Pointer to Event object (message) */
  17:Core/Src/ActiveObject/Src/Active_Object.c ****     
  18:Core/Src/ActiveObject/Src/Active_Object.c ****         /* Wait for any event and receive it into object 'event' */
  19:Core/Src/ActiveObject/Src/Active_Object.c ****         xQueueReceive(self->queue, &event, portMAX_DELAY);
  20:Core/Src/ActiveObject/Src/Active_Object.c ****         /* Dispatch to Active Object 'self' */
  21:Core/Src/ActiveObject/Src/Active_Object.c ****         (*self->dispatch) (self, event);
  22:Core/Src/ActiveObject/Src/Active_Object.c ****     }
  23:Core/Src/ActiveObject/Src/Active_Object.c **** }
  24:Core/Src/ActiveObject/Src/Active_Object.c **** /*-------------------------------------------------------------------------------------------------
  25:Core/Src/ActiveObject/Src/Active_Object.c **** 
  26:Core/Src/ActiveObject/Src/Active_Object.c **** static void initial (Active * const self, Event const * const event) {
  29              		.loc 1 26 70 view -0
  30              		.cfi_startproc
  31              		@ args = 0, pretend = 0, frame = 0
  32              		@ frame_needed = 0, uses_anonymous_args = 0
ARM GAS  C:\Users\Lamp\AppData\Local\Temp\cc60XLfz.s 			page 2


  33              		.loc 1 26 70 is_stmt 0 view .LVU1
  34 0000 10B5     		push	{r4, lr}
  35              	.LCFI0:
  36              		.cfi_def_cfa_offset 8
  37              		.cfi_offset 4, -8
  38              		.cfi_offset 14, -4
  39 0002 0446     		mov	r4, r0
  27:Core/Src/ActiveObject/Src/Active_Object.c ****     /* Initialize Active Object */
  28:Core/Src/ActiveObject/Src/Active_Object.c ****     static Event const entry_evt = { .signal = ENTRY_SIG };
  40              		.loc 1 28 5 is_stmt 1 view .LVU2
  29:Core/Src/ActiveObject/Src/Active_Object.c **** 
  30:Core/Src/ActiveObject/Src/Active_Object.c ****     /* khởi tạo trạng thái mới */
  31:Core/Src/ActiveObject/Src/Active_Object.c ****     (*self->handler) (self, event);
  41              		.loc 1 31 5 view .LVU3
  42              		.loc 1 31 6 is_stmt 0 view .LVU4
  43 0004 D0F8B030 		ldr	r3, [r0, #176]
  44 0008 9847     		blx	r3
  45              	.LVL1:
  32:Core/Src/ActiveObject/Src/Active_Object.c ****     /* Thực thi các hành động khi bắt đầu trạng thái mới */
  33:Core/Src/ActiveObject/Src/Active_Object.c ****     (*self->handler) (self, &entry_evt);
  46              		.loc 1 33 5 is_stmt 1 view .LVU5
  47              		.loc 1 33 6 is_stmt 0 view .LVU6
  48 000a D4F8B030 		ldr	r3, [r4, #176]
  49 000e 0249     		ldr	r1, .L3
  50 0010 2046     		mov	r0, r4
  51 0012 9847     		blx	r3
  52              	.LVL2:
  34:Core/Src/ActiveObject/Src/Active_Object.c **** }
  53              		.loc 1 34 1 view .LVU7
  54 0014 10BD     		pop	{r4, pc}
  55              	.LVL3:
  56              	.L4:
  57              		.loc 1 34 1 view .LVU8
  58 0016 00BF     		.align	2
  59              	.L3:
  60 0018 00000000 		.word	entry_evt.1
  61              		.cfi_endproc
  62              	.LFE140:
  64              		.section	.text.dispatch,"ax",%progbits
  65              		.align	1
  66              		.syntax unified
  67              		.thumb
  68              		.thumb_func
  70              	dispatch:
  71              	.LVL4:
  72              	.LFB142:
  35:Core/Src/ActiveObject/Src/Active_Object.c **** 
  36:Core/Src/ActiveObject/Src/Active_Object.c **** static void start (Active * const self,
  37:Core/Src/ActiveObject/Src/Active_Object.c ****                    UBaseType_t uxPriority,      // priority (1-based)
  38:Core/Src/ActiveObject/Src/Active_Object.c ****                    UBaseType_t uxQueueLength,   // 
  39:Core/Src/ActiveObject/Src/Active_Object.c ****                    uint32_t usStackDepth)       //
  40:Core/Src/ActiveObject/Src/Active_Object.c **** {   
  41:Core/Src/ActiveObject/Src/Active_Object.c ****     self->queue = xQueueCreate(uxQueueLength, sizeof(Event *));
  42:Core/Src/ActiveObject/Src/Active_Object.c **** 
  43:Core/Src/ActiveObject/Src/Active_Object.c ****     xTaskCreate(&Active_eventloop,              /* The thread function */
  44:Core/Src/ActiveObject/Src/Active_Object.c ****                 "AO",                           /* The name of the task */
  45:Core/Src/ActiveObject/Src/Active_Object.c ****                 usStackDepth,                   /* Stack depth */
ARM GAS  C:\Users\Lamp\AppData\Local\Temp\cc60XLfz.s 			page 3


  46:Core/Src/ActiveObject/Src/Active_Object.c ****                 self,                           /* The pvParameters */
  47:Core/Src/ActiveObject/Src/Active_Object.c ****                 uxPriority + tskIDLE_PRIORITY,  /* FreeROTS priority */
  48:Core/Src/ActiveObject/Src/Active_Object.c ****                 &self->thread);                 /* pxCreatedTask */
  49:Core/Src/ActiveObject/Src/Active_Object.c ****     /* Thread must be created */
  50:Core/Src/ActiveObject/Src/Active_Object.c ****     configASSERT(self->thread);
  51:Core/Src/ActiveObject/Src/Active_Object.c **** }
  52:Core/Src/ActiveObject/Src/Active_Object.c **** 
  53:Core/Src/ActiveObject/Src/Active_Object.c **** /* Hàm phân phối các sự kiện cho Active Object */
  54:Core/Src/ActiveObject/Src/Active_Object.c **** static void dispatch (struct Active * const self, Event const * const event) {
  73              		.loc 1 54 78 is_stmt 1 view -0
  74              		.cfi_startproc
  75              		@ args = 0, pretend = 0, frame = 0
  76              		@ frame_needed = 0, uses_anonymous_args = 0
  77              		.loc 1 54 78 is_stmt 0 view .LVU10
  78 0000 38B5     		push	{r3, r4, r5, lr}
  79              	.LCFI1:
  80              		.cfi_def_cfa_offset 16
  81              		.cfi_offset 3, -16
  82              		.cfi_offset 4, -12
  83              		.cfi_offset 5, -8
  84              		.cfi_offset 14, -4
  85 0002 0446     		mov	r4, r0
  55:Core/Src/ActiveObject/Src/Active_Object.c ****     Status status;
  86              		.loc 1 55 5 is_stmt 1 view .LVU11
  56:Core/Src/ActiveObject/Src/Active_Object.c ****     /* Lưu lại quá trình xử lý hiện tại */
  57:Core/Src/ActiveObject/Src/Active_Object.c ****     StateHandler prev_handler = self->handler;
  87              		.loc 1 57 5 view .LVU12
  88              		.loc 1 57 18 is_stmt 0 view .LVU13
  89 0004 D0F8B050 		ldr	r5, [r0, #176]
  90              	.LVL5:
  58:Core/Src/ActiveObject/Src/Active_Object.c ****     static Event const entry_evt = {.signal = ENTRY_SIG};
  91              		.loc 1 58 5 is_stmt 1 view .LVU14
  59:Core/Src/ActiveObject/Src/Active_Object.c ****     static Event const exit_evt = {.signal = EXIT_SIG};
  92              		.loc 1 59 5 view .LVU15
  60:Core/Src/ActiveObject/Src/Active_Object.c **** 
  61:Core/Src/ActiveObject/Src/Active_Object.c ****     /* Thực hiện xử lý sự kiện mới được nhận */
  62:Core/Src/ActiveObject/Src/Active_Object.c ****     status = (*self->handler)(self, event);
  93              		.loc 1 62 5 view .LVU16
  94              		.loc 1 62 15 is_stmt 0 view .LVU17
  95 0008 A847     		blx	r5
  96              	.LVL6:
  63:Core/Src/ActiveObject/Src/Active_Object.c **** 
  64:Core/Src/ActiveObject/Src/Active_Object.c ****     /* Chuyển đổi sự kiện */
  65:Core/Src/ActiveObject/Src/Active_Object.c ****     if(status == TRAN_STATUS) {
  97              		.loc 1 65 5 is_stmt 1 view .LVU18
  98              		.loc 1 65 7 is_stmt 0 view .LVU19
  99 000a 40B9     		cbnz	r0, .L6
  66:Core/Src/ActiveObject/Src/Active_Object.c ****         (*prev_handler)(self, &exit_evt);   /* Thoát khởi sự kiện hiện tại */
 100              		.loc 1 66 9 is_stmt 1 view .LVU20
 101              		.loc 1 66 10 is_stmt 0 view .LVU21
 102 000c 0849     		ldr	r1, .L9
 103 000e 2046     		mov	r0, r4
 104              	.LVL7:
 105              		.loc 1 66 10 view .LVU22
 106 0010 A847     		blx	r5
 107              	.LVL8:
  67:Core/Src/ActiveObject/Src/Active_Object.c ****         (*self->handler)(self, &entry_evt); /* Vào một sự kiện mới */
ARM GAS  C:\Users\Lamp\AppData\Local\Temp\cc60XLfz.s 			page 4


 108              		.loc 1 67 9 is_stmt 1 view .LVU23
 109              		.loc 1 67 10 is_stmt 0 view .LVU24
 110 0012 D4F8B030 		ldr	r3, [r4, #176]
 111 0016 0749     		ldr	r1, .L9+4
 112 0018 2046     		mov	r0, r4
 113 001a 9847     		blx	r3
 114              	.LVL9:
 115              	.L5:
  68:Core/Src/ActiveObject/Src/Active_Object.c ****     }
  69:Core/Src/ActiveObject/Src/Active_Object.c ****     else if (status == INIT_STATUS) {
  70:Core/Src/ActiveObject/Src/Active_Object.c ****         (*self->handler)(self, &entry_evt); /* Vào một sự kiện mới */
  71:Core/Src/ActiveObject/Src/Active_Object.c ****     }
  72:Core/Src/ActiveObject/Src/Active_Object.c **** }
 116              		.loc 1 72 1 view .LVU25
 117 001c 38BD     		pop	{r3, r4, r5, pc}
 118              	.LVL10:
 119              	.L6:
  69:Core/Src/ActiveObject/Src/Active_Object.c ****         (*self->handler)(self, &entry_evt); /* Vào một sự kiện mới */
 120              		.loc 1 69 10 is_stmt 1 view .LVU26
  69:Core/Src/ActiveObject/Src/Active_Object.c ****         (*self->handler)(self, &entry_evt); /* Vào một sự kiện mới */
 121              		.loc 1 69 13 is_stmt 0 view .LVU27
 122 001e 0328     		cmp	r0, #3
 123 0020 FCD1     		bne	.L5
  70:Core/Src/ActiveObject/Src/Active_Object.c ****     }
 124              		.loc 1 70 9 is_stmt 1 view .LVU28
  70:Core/Src/ActiveObject/Src/Active_Object.c ****     }
 125              		.loc 1 70 10 is_stmt 0 view .LVU29
 126 0022 D4F8B030 		ldr	r3, [r4, #176]
 127 0026 0349     		ldr	r1, .L9+4
 128 0028 2046     		mov	r0, r4
 129              	.LVL11:
  70:Core/Src/ActiveObject/Src/Active_Object.c ****     }
 130              		.loc 1 70 10 view .LVU30
 131 002a 9847     		blx	r3
 132              	.LVL12:
 133              		.loc 1 72 1 view .LVU31
 134 002c F6E7     		b	.L5
 135              	.L10:
 136 002e 00BF     		.align	2
 137              	.L9:
 138 0030 00000000 		.word	exit_evt.3
 139 0034 00000000 		.word	entry_evt.2
 140              		.cfi_endproc
 141              	.LFE142:
 143              		.section	.text.postFromISR,"ax",%progbits
 144              		.align	1
 145              		.syntax unified
 146              		.thumb
 147              		.thumb_func
 149              	postFromISR:
 150              	.LVL13:
 151              	.LFB144:
  73:Core/Src/ActiveObject/Src/Active_Object.c **** 
  74:Core/Src/ActiveObject/Src/Active_Object.c **** static void post (Active * const self, Event const * const event) {
  75:Core/Src/ActiveObject/Src/Active_Object.c ****     BaseType_t status = xQueueSendToBack(self->queue, (void *)&event, (TickType_t) 0);
  76:Core/Src/ActiveObject/Src/Active_Object.c ****     configASSERT(status == pdPASS);
  77:Core/Src/ActiveObject/Src/Active_Object.c **** }
ARM GAS  C:\Users\Lamp\AppData\Local\Temp\cc60XLfz.s 			page 5


  78:Core/Src/ActiveObject/Src/Active_Object.c **** 
  79:Core/Src/ActiveObject/Src/Active_Object.c **** static void postFromISR (Active * const self, Event const * const event,
  80:Core/Src/ActiveObject/Src/Active_Object.c ****                          BaseType_t *pxHigherPriorityTaskWoken)
  81:Core/Src/ActiveObject/Src/Active_Object.c **** {
 152              		.loc 1 81 1 is_stmt 1 view -0
 153              		.cfi_startproc
 154              		@ args = 0, pretend = 0, frame = 8
 155              		@ frame_needed = 0, uses_anonymous_args = 0
 156              		.loc 1 81 1 is_stmt 0 view .LVU33
 157 0000 00B5     		push	{lr}
 158              	.LCFI2:
 159              		.cfi_def_cfa_offset 4
 160              		.cfi_offset 14, -4
 161 0002 83B0     		sub	sp, sp, #12
 162              	.LCFI3:
 163              		.cfi_def_cfa_offset 16
 164 0004 0191     		str	r1, [sp, #4]
  82:Core/Src/ActiveObject/Src/Active_Object.c ****     BaseType_t status = xQueueSendToBackFromISR(self->queue, (void *)&event, pxHigherPriorityTaskWo
 165              		.loc 1 82 5 is_stmt 1 view .LVU34
 166              		.loc 1 82 25 is_stmt 0 view .LVU35
 167 0006 0023     		movs	r3, #0
 168 0008 01A9     		add	r1, sp, #4
 169              	.LVL14:
 170              		.loc 1 82 25 view .LVU36
 171 000a C06D     		ldr	r0, [r0, #92]
 172              	.LVL15:
 173              		.loc 1 82 25 view .LVU37
 174 000c FFF7FEFF 		bl	xQueueGenericSendFromISR
 175              	.LVL16:
  83:Core/Src/ActiveObject/Src/Active_Object.c ****     configASSERT(status == pdPASS);
 176              		.loc 1 83 5 is_stmt 1 view .LVU38
 177 0010 0128     		cmp	r0, #1
 178 0012 08D0     		beq	.L11
 179              		.loc 1 83 5 discriminator 1 view .LVU39
 180              	.LBB11:
 181              	.LBI11:
 182              		.file 2 "ThirdParty/FreeRTOS/portable/GCC/ARM_CM4F/portmacro.h"
   1:ThirdParty/FreeRTOS/portable/GCC/ARM_CM4F/portmacro.h **** /*
   2:ThirdParty/FreeRTOS/portable/GCC/ARM_CM4F/portmacro.h ****  * FreeRTOS Kernel V10.5.1
   3:ThirdParty/FreeRTOS/portable/GCC/ARM_CM4F/portmacro.h ****  * Copyright (C) 2021 Amazon.com, Inc. or its affiliates.  All Rights Reserved.
   4:ThirdParty/FreeRTOS/portable/GCC/ARM_CM4F/portmacro.h ****  *
   5:ThirdParty/FreeRTOS/portable/GCC/ARM_CM4F/portmacro.h ****  * SPDX-License-Identifier: MIT
   6:ThirdParty/FreeRTOS/portable/GCC/ARM_CM4F/portmacro.h ****  *
   7:ThirdParty/FreeRTOS/portable/GCC/ARM_CM4F/portmacro.h ****  * Permission is hereby granted, free of charge, to any person obtaining a copy of
   8:ThirdParty/FreeRTOS/portable/GCC/ARM_CM4F/portmacro.h ****  * this software and associated documentation files (the "Software"), to deal in
   9:ThirdParty/FreeRTOS/portable/GCC/ARM_CM4F/portmacro.h ****  * the Software without restriction, including without limitation the rights to
  10:ThirdParty/FreeRTOS/portable/GCC/ARM_CM4F/portmacro.h ****  * use, copy, modify, merge, publish, distribute, sublicense, and/or sell copies of
  11:ThirdParty/FreeRTOS/portable/GCC/ARM_CM4F/portmacro.h ****  * the Software, and to permit persons to whom the Software is furnished to do so,
  12:ThirdParty/FreeRTOS/portable/GCC/ARM_CM4F/portmacro.h ****  * subject to the following conditions:
  13:ThirdParty/FreeRTOS/portable/GCC/ARM_CM4F/portmacro.h ****  *
  14:ThirdParty/FreeRTOS/portable/GCC/ARM_CM4F/portmacro.h ****  * The above copyright notice and this permission notice shall be included in all
  15:ThirdParty/FreeRTOS/portable/GCC/ARM_CM4F/portmacro.h ****  * copies or substantial portions of the Software.
  16:ThirdParty/FreeRTOS/portable/GCC/ARM_CM4F/portmacro.h ****  *
  17:ThirdParty/FreeRTOS/portable/GCC/ARM_CM4F/portmacro.h ****  * THE SOFTWARE IS PROVIDED "AS IS", WITHOUT WARRANTY OF ANY KIND, EXPRESS OR
  18:ThirdParty/FreeRTOS/portable/GCC/ARM_CM4F/portmacro.h ****  * IMPLIED, INCLUDING BUT NOT LIMITED TO THE WARRANTIES OF MERCHANTABILITY, FITNESS
  19:ThirdParty/FreeRTOS/portable/GCC/ARM_CM4F/portmacro.h ****  * FOR A PARTICULAR PURPOSE AND NONINFRINGEMENT. IN NO EVENT SHALL THE AUTHORS OR
  20:ThirdParty/FreeRTOS/portable/GCC/ARM_CM4F/portmacro.h ****  * COPYRIGHT HOLDERS BE LIABLE FOR ANY CLAIM, DAMAGES OR OTHER LIABILITY, WHETHER
ARM GAS  C:\Users\Lamp\AppData\Local\Temp\cc60XLfz.s 			page 6


  21:ThirdParty/FreeRTOS/portable/GCC/ARM_CM4F/portmacro.h ****  * IN AN ACTION OF CONTRACT, TORT OR OTHERWISE, ARISING FROM, OUT OF OR IN
  22:ThirdParty/FreeRTOS/portable/GCC/ARM_CM4F/portmacro.h ****  * CONNECTION WITH THE SOFTWARE OR THE USE OR OTHER DEALINGS IN THE SOFTWARE.
  23:ThirdParty/FreeRTOS/portable/GCC/ARM_CM4F/portmacro.h ****  *
  24:ThirdParty/FreeRTOS/portable/GCC/ARM_CM4F/portmacro.h ****  * https://www.FreeRTOS.org
  25:ThirdParty/FreeRTOS/portable/GCC/ARM_CM4F/portmacro.h ****  * https://github.com/FreeRTOS
  26:ThirdParty/FreeRTOS/portable/GCC/ARM_CM4F/portmacro.h ****  *
  27:ThirdParty/FreeRTOS/portable/GCC/ARM_CM4F/portmacro.h ****  */
  28:ThirdParty/FreeRTOS/portable/GCC/ARM_CM4F/portmacro.h **** 
  29:ThirdParty/FreeRTOS/portable/GCC/ARM_CM4F/portmacro.h **** 
  30:ThirdParty/FreeRTOS/portable/GCC/ARM_CM4F/portmacro.h **** #ifndef PORTMACRO_H
  31:ThirdParty/FreeRTOS/portable/GCC/ARM_CM4F/portmacro.h ****     #define PORTMACRO_H
  32:ThirdParty/FreeRTOS/portable/GCC/ARM_CM4F/portmacro.h **** 
  33:ThirdParty/FreeRTOS/portable/GCC/ARM_CM4F/portmacro.h ****     #ifdef __cplusplus
  34:ThirdParty/FreeRTOS/portable/GCC/ARM_CM4F/portmacro.h ****         extern "C" {
  35:ThirdParty/FreeRTOS/portable/GCC/ARM_CM4F/portmacro.h ****     #endif
  36:ThirdParty/FreeRTOS/portable/GCC/ARM_CM4F/portmacro.h **** 
  37:ThirdParty/FreeRTOS/portable/GCC/ARM_CM4F/portmacro.h **** /*-----------------------------------------------------------
  38:ThirdParty/FreeRTOS/portable/GCC/ARM_CM4F/portmacro.h ****  * Port specific definitions.
  39:ThirdParty/FreeRTOS/portable/GCC/ARM_CM4F/portmacro.h ****  *
  40:ThirdParty/FreeRTOS/portable/GCC/ARM_CM4F/portmacro.h ****  * The settings in this file configure FreeRTOS correctly for the
  41:ThirdParty/FreeRTOS/portable/GCC/ARM_CM4F/portmacro.h ****  * given hardware and compiler.
  42:ThirdParty/FreeRTOS/portable/GCC/ARM_CM4F/portmacro.h ****  *
  43:ThirdParty/FreeRTOS/portable/GCC/ARM_CM4F/portmacro.h ****  * These settings should not be altered.
  44:ThirdParty/FreeRTOS/portable/GCC/ARM_CM4F/portmacro.h ****  *-----------------------------------------------------------
  45:ThirdParty/FreeRTOS/portable/GCC/ARM_CM4F/portmacro.h ****  */
  46:ThirdParty/FreeRTOS/portable/GCC/ARM_CM4F/portmacro.h **** 
  47:ThirdParty/FreeRTOS/portable/GCC/ARM_CM4F/portmacro.h **** /* Type definitions. */
  48:ThirdParty/FreeRTOS/portable/GCC/ARM_CM4F/portmacro.h ****     #define portCHAR          char
  49:ThirdParty/FreeRTOS/portable/GCC/ARM_CM4F/portmacro.h ****     #define portFLOAT         float
  50:ThirdParty/FreeRTOS/portable/GCC/ARM_CM4F/portmacro.h ****     #define portDOUBLE        double
  51:ThirdParty/FreeRTOS/portable/GCC/ARM_CM4F/portmacro.h ****     #define portLONG          long
  52:ThirdParty/FreeRTOS/portable/GCC/ARM_CM4F/portmacro.h ****     #define portSHORT         short
  53:ThirdParty/FreeRTOS/portable/GCC/ARM_CM4F/portmacro.h ****     #define portSTACK_TYPE    uint32_t
  54:ThirdParty/FreeRTOS/portable/GCC/ARM_CM4F/portmacro.h ****     #define portBASE_TYPE     long
  55:ThirdParty/FreeRTOS/portable/GCC/ARM_CM4F/portmacro.h **** 
  56:ThirdParty/FreeRTOS/portable/GCC/ARM_CM4F/portmacro.h ****     typedef portSTACK_TYPE   StackType_t;
  57:ThirdParty/FreeRTOS/portable/GCC/ARM_CM4F/portmacro.h ****     typedef long             BaseType_t;
  58:ThirdParty/FreeRTOS/portable/GCC/ARM_CM4F/portmacro.h ****     typedef unsigned long    UBaseType_t;
  59:ThirdParty/FreeRTOS/portable/GCC/ARM_CM4F/portmacro.h **** 
  60:ThirdParty/FreeRTOS/portable/GCC/ARM_CM4F/portmacro.h ****     #if ( configUSE_16_BIT_TICKS == 1 )
  61:ThirdParty/FreeRTOS/portable/GCC/ARM_CM4F/portmacro.h ****         typedef uint16_t     TickType_t;
  62:ThirdParty/FreeRTOS/portable/GCC/ARM_CM4F/portmacro.h ****         #define portMAX_DELAY              ( TickType_t ) 0xffff
  63:ThirdParty/FreeRTOS/portable/GCC/ARM_CM4F/portmacro.h ****     #else
  64:ThirdParty/FreeRTOS/portable/GCC/ARM_CM4F/portmacro.h ****         typedef uint32_t     TickType_t;
  65:ThirdParty/FreeRTOS/portable/GCC/ARM_CM4F/portmacro.h ****         #define portMAX_DELAY              ( TickType_t ) 0xffffffffUL
  66:ThirdParty/FreeRTOS/portable/GCC/ARM_CM4F/portmacro.h **** 
  67:ThirdParty/FreeRTOS/portable/GCC/ARM_CM4F/portmacro.h **** /* 32-bit tick type on a 32-bit architecture, so reads of the tick count do
  68:ThirdParty/FreeRTOS/portable/GCC/ARM_CM4F/portmacro.h ****  * not need to be guarded with a critical section. */
  69:ThirdParty/FreeRTOS/portable/GCC/ARM_CM4F/portmacro.h ****         #define portTICK_TYPE_IS_ATOMIC    1
  70:ThirdParty/FreeRTOS/portable/GCC/ARM_CM4F/portmacro.h ****     #endif
  71:ThirdParty/FreeRTOS/portable/GCC/ARM_CM4F/portmacro.h **** /*-----------------------------------------------------------*/
  72:ThirdParty/FreeRTOS/portable/GCC/ARM_CM4F/portmacro.h **** 
  73:ThirdParty/FreeRTOS/portable/GCC/ARM_CM4F/portmacro.h **** /* Architecture specifics. */
  74:ThirdParty/FreeRTOS/portable/GCC/ARM_CM4F/portmacro.h ****     #define portSTACK_GROWTH      ( -1 )
  75:ThirdParty/FreeRTOS/portable/GCC/ARM_CM4F/portmacro.h ****     #define portTICK_PERIOD_MS    ( ( TickType_t ) 1000 / configTICK_RATE_HZ )
  76:ThirdParty/FreeRTOS/portable/GCC/ARM_CM4F/portmacro.h ****     #define portBYTE_ALIGNMENT    8
  77:ThirdParty/FreeRTOS/portable/GCC/ARM_CM4F/portmacro.h ****     #define portDONT_DISCARD      __attribute__( ( used ) )
ARM GAS  C:\Users\Lamp\AppData\Local\Temp\cc60XLfz.s 			page 7


  78:ThirdParty/FreeRTOS/portable/GCC/ARM_CM4F/portmacro.h **** /*-----------------------------------------------------------*/
  79:ThirdParty/FreeRTOS/portable/GCC/ARM_CM4F/portmacro.h **** 
  80:ThirdParty/FreeRTOS/portable/GCC/ARM_CM4F/portmacro.h **** /* Scheduler utilities. */
  81:ThirdParty/FreeRTOS/portable/GCC/ARM_CM4F/portmacro.h ****     #define portYIELD()                                 \
  82:ThirdParty/FreeRTOS/portable/GCC/ARM_CM4F/portmacro.h ****     {                                                   \
  83:ThirdParty/FreeRTOS/portable/GCC/ARM_CM4F/portmacro.h ****         /* Set a PendSV to request a context switch. */ \
  84:ThirdParty/FreeRTOS/portable/GCC/ARM_CM4F/portmacro.h ****         portNVIC_INT_CTRL_REG = portNVIC_PENDSVSET_BIT; \
  85:ThirdParty/FreeRTOS/portable/GCC/ARM_CM4F/portmacro.h ****                                                         \
  86:ThirdParty/FreeRTOS/portable/GCC/ARM_CM4F/portmacro.h ****         /* Barriers are normally not required but do ensure the code is completely \
  87:ThirdParty/FreeRTOS/portable/GCC/ARM_CM4F/portmacro.h ****          * within the specified behaviour for the architecture. */ \
  88:ThirdParty/FreeRTOS/portable/GCC/ARM_CM4F/portmacro.h ****         __asm volatile ( "dsb" ::: "memory" );                     \
  89:ThirdParty/FreeRTOS/portable/GCC/ARM_CM4F/portmacro.h ****         __asm volatile ( "isb" );                                  \
  90:ThirdParty/FreeRTOS/portable/GCC/ARM_CM4F/portmacro.h ****     }
  91:ThirdParty/FreeRTOS/portable/GCC/ARM_CM4F/portmacro.h **** 
  92:ThirdParty/FreeRTOS/portable/GCC/ARM_CM4F/portmacro.h ****     #define portNVIC_INT_CTRL_REG     ( *( ( volatile uint32_t * ) 0xe000ed04 ) )
  93:ThirdParty/FreeRTOS/portable/GCC/ARM_CM4F/portmacro.h ****     #define portNVIC_PENDSVSET_BIT    ( 1UL << 28UL )
  94:ThirdParty/FreeRTOS/portable/GCC/ARM_CM4F/portmacro.h ****     #define portEND_SWITCHING_ISR( xSwitchRequired )    do { if( xSwitchRequired != pdFALSE ) portY
  95:ThirdParty/FreeRTOS/portable/GCC/ARM_CM4F/portmacro.h ****     #define portYIELD_FROM_ISR( x )                     portEND_SWITCHING_ISR( x )
  96:ThirdParty/FreeRTOS/portable/GCC/ARM_CM4F/portmacro.h **** /*-----------------------------------------------------------*/
  97:ThirdParty/FreeRTOS/portable/GCC/ARM_CM4F/portmacro.h **** 
  98:ThirdParty/FreeRTOS/portable/GCC/ARM_CM4F/portmacro.h **** /* Critical section management. */
  99:ThirdParty/FreeRTOS/portable/GCC/ARM_CM4F/portmacro.h ****     extern void vPortEnterCritical( void );
 100:ThirdParty/FreeRTOS/portable/GCC/ARM_CM4F/portmacro.h ****     extern void vPortExitCritical( void );
 101:ThirdParty/FreeRTOS/portable/GCC/ARM_CM4F/portmacro.h ****     #define portSET_INTERRUPT_MASK_FROM_ISR()         ulPortRaiseBASEPRI()
 102:ThirdParty/FreeRTOS/portable/GCC/ARM_CM4F/portmacro.h ****     #define portCLEAR_INTERRUPT_MASK_FROM_ISR( x )    vPortSetBASEPRI( x )
 103:ThirdParty/FreeRTOS/portable/GCC/ARM_CM4F/portmacro.h ****     #define portDISABLE_INTERRUPTS()                  vPortRaiseBASEPRI()
 104:ThirdParty/FreeRTOS/portable/GCC/ARM_CM4F/portmacro.h ****     #define portENABLE_INTERRUPTS()                   vPortSetBASEPRI( 0 )
 105:ThirdParty/FreeRTOS/portable/GCC/ARM_CM4F/portmacro.h ****     #define portENTER_CRITICAL()                      vPortEnterCritical()
 106:ThirdParty/FreeRTOS/portable/GCC/ARM_CM4F/portmacro.h ****     #define portEXIT_CRITICAL()                       vPortExitCritical()
 107:ThirdParty/FreeRTOS/portable/GCC/ARM_CM4F/portmacro.h **** 
 108:ThirdParty/FreeRTOS/portable/GCC/ARM_CM4F/portmacro.h **** /*-----------------------------------------------------------*/
 109:ThirdParty/FreeRTOS/portable/GCC/ARM_CM4F/portmacro.h **** 
 110:ThirdParty/FreeRTOS/portable/GCC/ARM_CM4F/portmacro.h **** /* Task function macros as described on the FreeRTOS.org WEB site.  These are
 111:ThirdParty/FreeRTOS/portable/GCC/ARM_CM4F/portmacro.h ****  * not necessary for to use this port.  They are defined so the common demo files
 112:ThirdParty/FreeRTOS/portable/GCC/ARM_CM4F/portmacro.h ****  * (which build with all the ports) will build. */
 113:ThirdParty/FreeRTOS/portable/GCC/ARM_CM4F/portmacro.h ****     #define portTASK_FUNCTION_PROTO( vFunction, pvParameters )    void vFunction( void * pvParamete
 114:ThirdParty/FreeRTOS/portable/GCC/ARM_CM4F/portmacro.h ****     #define portTASK_FUNCTION( vFunction, pvParameters )          void vFunction( void * pvParamete
 115:ThirdParty/FreeRTOS/portable/GCC/ARM_CM4F/portmacro.h **** /*-----------------------------------------------------------*/
 116:ThirdParty/FreeRTOS/portable/GCC/ARM_CM4F/portmacro.h **** 
 117:ThirdParty/FreeRTOS/portable/GCC/ARM_CM4F/portmacro.h **** /* Tickless idle/low power functionality. */
 118:ThirdParty/FreeRTOS/portable/GCC/ARM_CM4F/portmacro.h ****     #ifndef portSUPPRESS_TICKS_AND_SLEEP
 119:ThirdParty/FreeRTOS/portable/GCC/ARM_CM4F/portmacro.h ****         extern void vPortSuppressTicksAndSleep( TickType_t xExpectedIdleTime );
 120:ThirdParty/FreeRTOS/portable/GCC/ARM_CM4F/portmacro.h ****         #define portSUPPRESS_TICKS_AND_SLEEP( xExpectedIdleTime )    vPortSuppressTicksAndSleep( xE
 121:ThirdParty/FreeRTOS/portable/GCC/ARM_CM4F/portmacro.h ****     #endif
 122:ThirdParty/FreeRTOS/portable/GCC/ARM_CM4F/portmacro.h **** /*-----------------------------------------------------------*/
 123:ThirdParty/FreeRTOS/portable/GCC/ARM_CM4F/portmacro.h **** 
 124:ThirdParty/FreeRTOS/portable/GCC/ARM_CM4F/portmacro.h **** /* Architecture specific optimisations. */
 125:ThirdParty/FreeRTOS/portable/GCC/ARM_CM4F/portmacro.h ****     #ifndef configUSE_PORT_OPTIMISED_TASK_SELECTION
 126:ThirdParty/FreeRTOS/portable/GCC/ARM_CM4F/portmacro.h ****         #define configUSE_PORT_OPTIMISED_TASK_SELECTION    1
 127:ThirdParty/FreeRTOS/portable/GCC/ARM_CM4F/portmacro.h ****     #endif
 128:ThirdParty/FreeRTOS/portable/GCC/ARM_CM4F/portmacro.h **** 
 129:ThirdParty/FreeRTOS/portable/GCC/ARM_CM4F/portmacro.h ****     #if configUSE_PORT_OPTIMISED_TASK_SELECTION == 1
 130:ThirdParty/FreeRTOS/portable/GCC/ARM_CM4F/portmacro.h **** 
 131:ThirdParty/FreeRTOS/portable/GCC/ARM_CM4F/portmacro.h **** /* Generic helper function. */
 132:ThirdParty/FreeRTOS/portable/GCC/ARM_CM4F/portmacro.h ****         __attribute__( ( always_inline ) ) static inline uint8_t ucPortCountLeadingZeros( uint32_t 
 133:ThirdParty/FreeRTOS/portable/GCC/ARM_CM4F/portmacro.h ****         {
 134:ThirdParty/FreeRTOS/portable/GCC/ARM_CM4F/portmacro.h ****             uint8_t ucReturn;
ARM GAS  C:\Users\Lamp\AppData\Local\Temp\cc60XLfz.s 			page 8


 135:ThirdParty/FreeRTOS/portable/GCC/ARM_CM4F/portmacro.h **** 
 136:ThirdParty/FreeRTOS/portable/GCC/ARM_CM4F/portmacro.h ****             __asm volatile ( "clz %0, %1" : "=r" ( ucReturn ) : "r" ( ulBitmap ) : "memory" );
 137:ThirdParty/FreeRTOS/portable/GCC/ARM_CM4F/portmacro.h **** 
 138:ThirdParty/FreeRTOS/portable/GCC/ARM_CM4F/portmacro.h ****             return ucReturn;
 139:ThirdParty/FreeRTOS/portable/GCC/ARM_CM4F/portmacro.h ****         }
 140:ThirdParty/FreeRTOS/portable/GCC/ARM_CM4F/portmacro.h **** 
 141:ThirdParty/FreeRTOS/portable/GCC/ARM_CM4F/portmacro.h **** /* Check the configuration. */
 142:ThirdParty/FreeRTOS/portable/GCC/ARM_CM4F/portmacro.h ****         #if ( configMAX_PRIORITIES > 32 )
 143:ThirdParty/FreeRTOS/portable/GCC/ARM_CM4F/portmacro.h ****             #error configUSE_PORT_OPTIMISED_TASK_SELECTION can only be set to 1 when configMAX_PRIO
 144:ThirdParty/FreeRTOS/portable/GCC/ARM_CM4F/portmacro.h ****         #endif
 145:ThirdParty/FreeRTOS/portable/GCC/ARM_CM4F/portmacro.h **** 
 146:ThirdParty/FreeRTOS/portable/GCC/ARM_CM4F/portmacro.h **** /* Store/clear the ready priorities in a bit map. */
 147:ThirdParty/FreeRTOS/portable/GCC/ARM_CM4F/portmacro.h ****         #define portRECORD_READY_PRIORITY( uxPriority, uxReadyPriorities )    ( uxReadyPriorities )
 148:ThirdParty/FreeRTOS/portable/GCC/ARM_CM4F/portmacro.h ****         #define portRESET_READY_PRIORITY( uxPriority, uxReadyPriorities )     ( uxReadyPriorities )
 149:ThirdParty/FreeRTOS/portable/GCC/ARM_CM4F/portmacro.h **** 
 150:ThirdParty/FreeRTOS/portable/GCC/ARM_CM4F/portmacro.h **** /*-----------------------------------------------------------*/
 151:ThirdParty/FreeRTOS/portable/GCC/ARM_CM4F/portmacro.h **** 
 152:ThirdParty/FreeRTOS/portable/GCC/ARM_CM4F/portmacro.h ****         #define portGET_HIGHEST_PRIORITY( uxTopPriority, uxReadyPriorities )    uxTopPriority = ( 3
 153:ThirdParty/FreeRTOS/portable/GCC/ARM_CM4F/portmacro.h **** 
 154:ThirdParty/FreeRTOS/portable/GCC/ARM_CM4F/portmacro.h ****     #endif /* configUSE_PORT_OPTIMISED_TASK_SELECTION */
 155:ThirdParty/FreeRTOS/portable/GCC/ARM_CM4F/portmacro.h **** 
 156:ThirdParty/FreeRTOS/portable/GCC/ARM_CM4F/portmacro.h **** /*-----------------------------------------------------------*/
 157:ThirdParty/FreeRTOS/portable/GCC/ARM_CM4F/portmacro.h **** 
 158:ThirdParty/FreeRTOS/portable/GCC/ARM_CM4F/portmacro.h ****     #ifdef configASSERT
 159:ThirdParty/FreeRTOS/portable/GCC/ARM_CM4F/portmacro.h ****         void vPortValidateInterruptPriority( void );
 160:ThirdParty/FreeRTOS/portable/GCC/ARM_CM4F/portmacro.h ****         #define portASSERT_IF_INTERRUPT_PRIORITY_INVALID()    vPortValidateInterruptPriority()
 161:ThirdParty/FreeRTOS/portable/GCC/ARM_CM4F/portmacro.h ****     #endif
 162:ThirdParty/FreeRTOS/portable/GCC/ARM_CM4F/portmacro.h **** 
 163:ThirdParty/FreeRTOS/portable/GCC/ARM_CM4F/portmacro.h **** /* portNOP() is not required by this port. */
 164:ThirdParty/FreeRTOS/portable/GCC/ARM_CM4F/portmacro.h ****     #define portNOP()
 165:ThirdParty/FreeRTOS/portable/GCC/ARM_CM4F/portmacro.h **** 
 166:ThirdParty/FreeRTOS/portable/GCC/ARM_CM4F/portmacro.h ****     #define portINLINE              __inline
 167:ThirdParty/FreeRTOS/portable/GCC/ARM_CM4F/portmacro.h **** 
 168:ThirdParty/FreeRTOS/portable/GCC/ARM_CM4F/portmacro.h ****     #ifndef portFORCE_INLINE
 169:ThirdParty/FreeRTOS/portable/GCC/ARM_CM4F/portmacro.h ****         #define portFORCE_INLINE    inline __attribute__( ( always_inline ) )
 170:ThirdParty/FreeRTOS/portable/GCC/ARM_CM4F/portmacro.h ****     #endif
 171:ThirdParty/FreeRTOS/portable/GCC/ARM_CM4F/portmacro.h **** 
 172:ThirdParty/FreeRTOS/portable/GCC/ARM_CM4F/portmacro.h ****     portFORCE_INLINE static BaseType_t xPortIsInsideInterrupt( void )
 173:ThirdParty/FreeRTOS/portable/GCC/ARM_CM4F/portmacro.h ****     {
 174:ThirdParty/FreeRTOS/portable/GCC/ARM_CM4F/portmacro.h ****         uint32_t ulCurrentInterrupt;
 175:ThirdParty/FreeRTOS/portable/GCC/ARM_CM4F/portmacro.h ****         BaseType_t xReturn;
 176:ThirdParty/FreeRTOS/portable/GCC/ARM_CM4F/portmacro.h **** 
 177:ThirdParty/FreeRTOS/portable/GCC/ARM_CM4F/portmacro.h ****         /* Obtain the number of the currently executing interrupt. */
 178:ThirdParty/FreeRTOS/portable/GCC/ARM_CM4F/portmacro.h ****         __asm volatile ( "mrs %0, ipsr" : "=r" ( ulCurrentInterrupt )::"memory" );
 179:ThirdParty/FreeRTOS/portable/GCC/ARM_CM4F/portmacro.h **** 
 180:ThirdParty/FreeRTOS/portable/GCC/ARM_CM4F/portmacro.h ****         if( ulCurrentInterrupt == 0 )
 181:ThirdParty/FreeRTOS/portable/GCC/ARM_CM4F/portmacro.h ****         {
 182:ThirdParty/FreeRTOS/portable/GCC/ARM_CM4F/portmacro.h ****             xReturn = pdFALSE;
 183:ThirdParty/FreeRTOS/portable/GCC/ARM_CM4F/portmacro.h ****         }
 184:ThirdParty/FreeRTOS/portable/GCC/ARM_CM4F/portmacro.h ****         else
 185:ThirdParty/FreeRTOS/portable/GCC/ARM_CM4F/portmacro.h ****         {
 186:ThirdParty/FreeRTOS/portable/GCC/ARM_CM4F/portmacro.h ****             xReturn = pdTRUE;
 187:ThirdParty/FreeRTOS/portable/GCC/ARM_CM4F/portmacro.h ****         }
 188:ThirdParty/FreeRTOS/portable/GCC/ARM_CM4F/portmacro.h **** 
 189:ThirdParty/FreeRTOS/portable/GCC/ARM_CM4F/portmacro.h ****         return xReturn;
 190:ThirdParty/FreeRTOS/portable/GCC/ARM_CM4F/portmacro.h ****     }
 191:ThirdParty/FreeRTOS/portable/GCC/ARM_CM4F/portmacro.h **** 
ARM GAS  C:\Users\Lamp\AppData\Local\Temp\cc60XLfz.s 			page 9


 192:ThirdParty/FreeRTOS/portable/GCC/ARM_CM4F/portmacro.h **** /*-----------------------------------------------------------*/
 193:ThirdParty/FreeRTOS/portable/GCC/ARM_CM4F/portmacro.h **** 
 194:ThirdParty/FreeRTOS/portable/GCC/ARM_CM4F/portmacro.h ****     portFORCE_INLINE static void vPortRaiseBASEPRI( void )
 183              		.loc 2 194 34 view .LVU40
 184              	.LBB12:
 195:ThirdParty/FreeRTOS/portable/GCC/ARM_CM4F/portmacro.h ****     {
 196:ThirdParty/FreeRTOS/portable/GCC/ARM_CM4F/portmacro.h ****         uint32_t ulNewBASEPRI;
 185              		.loc 2 196 9 view .LVU41
 197:ThirdParty/FreeRTOS/portable/GCC/ARM_CM4F/portmacro.h **** 
 198:ThirdParty/FreeRTOS/portable/GCC/ARM_CM4F/portmacro.h ****         __asm volatile
 186              		.loc 2 198 9 view .LVU42
 187              		.syntax unified
 188              	@ 198 "ThirdParty/FreeRTOS/portable/GCC/ARM_CM4F/portmacro.h" 1
 189 0014 4FF05003 			mov r3, #80												
 190 0018 83F31188 		msr basepri, r3											
 191 001c BFF36F8F 		isb														
 192 0020 BFF34F8F 		dsb														
 193              	
 194              	@ 0 "" 2
 195              		.thumb
 196              		.syntax unified
 197              	.L13:
 198              	.LBE12:
 199              	.LBE11:
 200              		.loc 1 83 5 discriminator 3 view .LVU43
 201              		.loc 1 83 5 discriminator 3 view .LVU44
 202 0024 FEE7     		b	.L13
 203              	.L11:
  84:Core/Src/ActiveObject/Src/Active_Object.c **** }
 204              		.loc 1 84 1 is_stmt 0 view .LVU45
 205 0026 03B0     		add	sp, sp, #12
 206              	.LCFI4:
 207              		.cfi_def_cfa_offset 4
 208              		@ sp needed
 209 0028 5DF804FB 		ldr	pc, [sp], #4
 210              		.cfi_endproc
 211              	.LFE144:
 213              		.section	.text.post,"ax",%progbits
 214              		.align	1
 215              		.syntax unified
 216              		.thumb
 217              		.thumb_func
 219              	post:
 220              	.LVL17:
 221              	.LFB143:
  74:Core/Src/ActiveObject/Src/Active_Object.c ****     BaseType_t status = xQueueSendToBack(self->queue, (void *)&event, (TickType_t) 0);
 222              		.loc 1 74 67 is_stmt 1 view -0
 223              		.cfi_startproc
 224              		@ args = 0, pretend = 0, frame = 8
 225              		@ frame_needed = 0, uses_anonymous_args = 0
  74:Core/Src/ActiveObject/Src/Active_Object.c ****     BaseType_t status = xQueueSendToBack(self->queue, (void *)&event, (TickType_t) 0);
 226              		.loc 1 74 67 is_stmt 0 view .LVU47
 227 0000 00B5     		push	{lr}
 228              	.LCFI5:
 229              		.cfi_def_cfa_offset 4
 230              		.cfi_offset 14, -4
 231 0002 83B0     		sub	sp, sp, #12
ARM GAS  C:\Users\Lamp\AppData\Local\Temp\cc60XLfz.s 			page 10


 232              	.LCFI6:
 233              		.cfi_def_cfa_offset 16
 234 0004 0191     		str	r1, [sp, #4]
  75:Core/Src/ActiveObject/Src/Active_Object.c ****     configASSERT(status == pdPASS);
 235              		.loc 1 75 5 is_stmt 1 view .LVU48
  75:Core/Src/ActiveObject/Src/Active_Object.c ****     configASSERT(status == pdPASS);
 236              		.loc 1 75 25 is_stmt 0 view .LVU49
 237 0006 0023     		movs	r3, #0
 238 0008 1A46     		mov	r2, r3
 239 000a 01A9     		add	r1, sp, #4
 240              	.LVL18:
  75:Core/Src/ActiveObject/Src/Active_Object.c ****     configASSERT(status == pdPASS);
 241              		.loc 1 75 25 view .LVU50
 242 000c C06D     		ldr	r0, [r0, #92]
 243              	.LVL19:
  75:Core/Src/ActiveObject/Src/Active_Object.c ****     configASSERT(status == pdPASS);
 244              		.loc 1 75 25 view .LVU51
 245 000e FFF7FEFF 		bl	xQueueGenericSend
 246              	.LVL20:
  76:Core/Src/ActiveObject/Src/Active_Object.c **** }
 247              		.loc 1 76 5 is_stmt 1 view .LVU52
 248 0012 0128     		cmp	r0, #1
 249 0014 08D0     		beq	.L15
  76:Core/Src/ActiveObject/Src/Active_Object.c **** }
 250              		.loc 1 76 5 discriminator 1 view .LVU53
 251              	.LBB13:
 252              	.LBI13:
 194:ThirdParty/FreeRTOS/portable/GCC/ARM_CM4F/portmacro.h ****     {
 253              		.loc 2 194 34 view .LVU54
 254              	.LBB14:
 196:ThirdParty/FreeRTOS/portable/GCC/ARM_CM4F/portmacro.h **** 
 255              		.loc 2 196 9 view .LVU55
 256              		.loc 2 198 9 view .LVU56
 257              		.syntax unified
 258              	@ 198 "ThirdParty/FreeRTOS/portable/GCC/ARM_CM4F/portmacro.h" 1
 259 0016 4FF05003 			mov r3, #80												
 260 001a 83F31188 		msr basepri, r3											
 261 001e BFF36F8F 		isb														
 262 0022 BFF34F8F 		dsb														
 263              	
 264              	@ 0 "" 2
 265              		.thumb
 266              		.syntax unified
 267              	.L17:
 268              	.LBE14:
 269              	.LBE13:
  76:Core/Src/ActiveObject/Src/Active_Object.c **** }
 270              		.loc 1 76 5 discriminator 3 view .LVU57
  76:Core/Src/ActiveObject/Src/Active_Object.c **** }
 271              		.loc 1 76 5 discriminator 3 view .LVU58
 272 0026 FEE7     		b	.L17
 273              	.L15:
  77:Core/Src/ActiveObject/Src/Active_Object.c **** 
 274              		.loc 1 77 1 is_stmt 0 view .LVU59
 275 0028 03B0     		add	sp, sp, #12
 276              	.LCFI7:
 277              		.cfi_def_cfa_offset 4
ARM GAS  C:\Users\Lamp\AppData\Local\Temp\cc60XLfz.s 			page 11


 278              		@ sp needed
 279 002a 5DF804FB 		ldr	pc, [sp], #4
 280              		.cfi_endproc
 281              	.LFE143:
 283              		.section	.rodata.start.str1.4,"aMS",%progbits,1
 284              		.align	2
 285              	.LC0:
 286 0000 414F00   		.ascii	"AO\000"
 287              		.section	.text.start,"ax",%progbits
 288              		.align	1
 289              		.syntax unified
 290              		.thumb
 291              		.thumb_func
 293              	start:
 294              	.LVL21:
 295              	.LFB141:
  40:Core/Src/ActiveObject/Src/Active_Object.c ****     self->queue = xQueueCreate(uxQueueLength, sizeof(Event *));
 296              		.loc 1 40 1 is_stmt 1 view -0
 297              		.cfi_startproc
 298              		@ args = 0, pretend = 0, frame = 0
 299              		@ frame_needed = 0, uses_anonymous_args = 0
  40:Core/Src/ActiveObject/Src/Active_Object.c ****     self->queue = xQueueCreate(uxQueueLength, sizeof(Event *));
 300              		.loc 1 40 1 is_stmt 0 view .LVU61
 301 0000 70B5     		push	{r4, r5, r6, lr}
 302              	.LCFI8:
 303              		.cfi_def_cfa_offset 16
 304              		.cfi_offset 4, -16
 305              		.cfi_offset 5, -12
 306              		.cfi_offset 6, -8
 307              		.cfi_offset 14, -4
 308 0002 82B0     		sub	sp, sp, #8
 309              	.LCFI9:
 310              		.cfi_def_cfa_offset 24
 311 0004 0446     		mov	r4, r0
 312 0006 0E46     		mov	r6, r1
 313 0008 1046     		mov	r0, r2
 314              	.LVL22:
  40:Core/Src/ActiveObject/Src/Active_Object.c ****     self->queue = xQueueCreate(uxQueueLength, sizeof(Event *));
 315              		.loc 1 40 1 view .LVU62
 316 000a 1D46     		mov	r5, r3
  41:Core/Src/ActiveObject/Src/Active_Object.c **** 
 317              		.loc 1 41 5 is_stmt 1 view .LVU63
  41:Core/Src/ActiveObject/Src/Active_Object.c **** 
 318              		.loc 1 41 19 is_stmt 0 view .LVU64
 319 000c 0022     		movs	r2, #0
 320              	.LVL23:
  41:Core/Src/ActiveObject/Src/Active_Object.c **** 
 321              		.loc 1 41 19 view .LVU65
 322 000e 0421     		movs	r1, #4
 323              	.LVL24:
  41:Core/Src/ActiveObject/Src/Active_Object.c **** 
 324              		.loc 1 41 19 view .LVU66
 325 0010 FFF7FEFF 		bl	xQueueGenericCreate
 326              	.LVL25:
  41:Core/Src/ActiveObject/Src/Active_Object.c **** 
 327              		.loc 1 41 17 discriminator 1 view .LVU67
 328 0014 E065     		str	r0, [r4, #92]
ARM GAS  C:\Users\Lamp\AppData\Local\Temp\cc60XLfz.s 			page 12


  43:Core/Src/ActiveObject/Src/Active_Object.c ****                 "AO",                           /* The name of the task */
 329              		.loc 1 43 5 is_stmt 1 view .LVU68
 330 0016 0194     		str	r4, [sp, #4]
 331 0018 0096     		str	r6, [sp]
 332 001a 2346     		mov	r3, r4
 333 001c AAB2     		uxth	r2, r5
 334 001e 0849     		ldr	r1, .L24
 335 0020 0848     		ldr	r0, .L24+4
 336 0022 FFF7FEFF 		bl	xTaskCreate
 337              	.LVL26:
  50:Core/Src/ActiveObject/Src/Active_Object.c **** }
 338              		.loc 1 50 5 view .LVU69
 339 0026 2368     		ldr	r3, [r4]
 340 0028 0BB1     		cbz	r3, .L23
  51:Core/Src/ActiveObject/Src/Active_Object.c **** 
 341              		.loc 1 51 1 is_stmt 0 view .LVU70
 342 002a 02B0     		add	sp, sp, #8
 343              	.LCFI10:
 344              		.cfi_remember_state
 345              		.cfi_def_cfa_offset 16
 346              		@ sp needed
 347 002c 70BD     		pop	{r4, r5, r6, pc}
 348              	.LVL27:
 349              	.L23:
 350              	.LCFI11:
 351              		.cfi_restore_state
  50:Core/Src/ActiveObject/Src/Active_Object.c **** }
 352              		.loc 1 50 5 is_stmt 1 discriminator 1 view .LVU71
 353              	.LBB15:
 354              	.LBI15:
 194:ThirdParty/FreeRTOS/portable/GCC/ARM_CM4F/portmacro.h ****     {
 355              		.loc 2 194 34 view .LVU72
 356              	.LBB16:
 196:ThirdParty/FreeRTOS/portable/GCC/ARM_CM4F/portmacro.h **** 
 357              		.loc 2 196 9 view .LVU73
 358              		.loc 2 198 9 view .LVU74
 359              		.syntax unified
 360              	@ 198 "ThirdParty/FreeRTOS/portable/GCC/ARM_CM4F/portmacro.h" 1
 361 002e 4FF05003 			mov r3, #80												
 362 0032 83F31188 		msr basepri, r3											
 363 0036 BFF36F8F 		isb														
 364 003a BFF34F8F 		dsb														
 365              	
 366              	@ 0 "" 2
 367              		.thumb
 368              		.syntax unified
 369              	.L21:
 370              	.LBE16:
 371              	.LBE15:
  50:Core/Src/ActiveObject/Src/Active_Object.c **** }
 372              		.loc 1 50 5 discriminator 3 view .LVU75
  50:Core/Src/ActiveObject/Src/Active_Object.c **** }
 373              		.loc 1 50 5 discriminator 3 view .LVU76
 374 003e FEE7     		b	.L21
 375              	.L25:
 376              		.align	2
 377              	.L24:
ARM GAS  C:\Users\Lamp\AppData\Local\Temp\cc60XLfz.s 			page 13


 378 0040 00000000 		.word	.LC0
 379 0044 00000000 		.word	Active_eventloop
 380              		.cfi_endproc
 381              	.LFE141:
 383              		.section	.text.Active_eventloop,"ax",%progbits
 384              		.align	1
 385              		.syntax unified
 386              		.thumb
 387              		.thumb_func
 389              	Active_eventloop:
 390              	.LVL28:
 391              	.LFB139:
   5:Core/Src/ActiveObject/Src/Active_Object.c ****     Active *self = (Active *) pvParameters;
 392              		.loc 1 5 51 view -0
 393              		.cfi_startproc
 394              		@ args = 0, pretend = 0, frame = 8
 395              		@ frame_needed = 0, uses_anonymous_args = 0
   6:Core/Src/ActiveObject/Src/Active_Object.c **** 
 396              		.loc 1 6 5 view .LVU78
   8:Core/Src/ActiveObject/Src/Active_Object.c ****     /* Active object must be provided */
 397              		.loc 1 8 5 view .LVU79
  10:Core/Src/ActiveObject/Src/Active_Object.c **** 
 398              		.loc 1 10 5 view .LVU80
 399 0000 90B1     		cbz	r0, .L32
   5:Core/Src/ActiveObject/Src/Active_Object.c ****     Active *self = (Active *) pvParameters;
 400              		.loc 1 5 51 is_stmt 0 view .LVU81
 401 0002 10B5     		push	{r4, lr}
 402              	.LCFI12:
 403              		.cfi_def_cfa_offset 8
 404              		.cfi_offset 4, -8
 405              		.cfi_offset 14, -4
 406 0004 82B0     		sub	sp, sp, #8
 407              	.LCFI13:
 408              		.cfi_def_cfa_offset 16
 409 0006 0446     		mov	r4, r0
  10:Core/Src/ActiveObject/Src/Active_Object.c **** 
 410              		.loc 1 10 23 is_stmt 1 discriminator 2 view .LVU82
  13:Core/Src/ActiveObject/Src/Active_Object.c **** 
 411              		.loc 1 13 5 view .LVU83
  13:Core/Src/ActiveObject/Src/Active_Object.c **** 
 412              		.loc 1 13 6 is_stmt 0 view .LVU84
 413 0008 D0F8BC30 		ldr	r3, [r0, #188]
 414 000c 0B49     		ldr	r1, .L33
 415 000e 9847     		blx	r3
 416              	.LVL29:
 417              	.L29:
  15:Core/Src/ActiveObject/Src/Active_Object.c ****         Event * event;  /* Pointer to Event object (message) */
 418              		.loc 1 15 5 is_stmt 1 view .LVU85
 419              	.LBB17:
  16:Core/Src/ActiveObject/Src/Active_Object.c ****     
 420              		.loc 1 16 9 view .LVU86
  19:Core/Src/ActiveObject/Src/Active_Object.c ****         /* Dispatch to Active Object 'self' */
 421              		.loc 1 19 9 view .LVU87
 422 0010 4FF0FF32 		mov	r2, #-1
 423 0014 01A9     		add	r1, sp, #4
 424 0016 E06D     		ldr	r0, [r4, #92]
 425 0018 FFF7FEFF 		bl	xQueueReceive
ARM GAS  C:\Users\Lamp\AppData\Local\Temp\cc60XLfz.s 			page 14


 426              	.LVL30:
  21:Core/Src/ActiveObject/Src/Active_Object.c ****     }
 427              		.loc 1 21 9 view .LVU88
  21:Core/Src/ActiveObject/Src/Active_Object.c ****     }
 428              		.loc 1 21 10 is_stmt 0 view .LVU89
 429 001c D4F8BC30 		ldr	r3, [r4, #188]
 430 0020 0199     		ldr	r1, [sp, #4]
 431 0022 2046     		mov	r0, r4
 432 0024 9847     		blx	r3
 433              	.LVL31:
 434              	.LBE17:
  15:Core/Src/ActiveObject/Src/Active_Object.c ****         Event * event;  /* Pointer to Event object (message) */
 435              		.loc 1 15 5 is_stmt 1 view .LVU90
 436 0026 F3E7     		b	.L29
 437              	.LVL32:
 438              	.L32:
 439              	.LCFI14:
 440              		.cfi_def_cfa_offset 0
 441              		.cfi_restore 4
 442              		.cfi_restore 14
  10:Core/Src/ActiveObject/Src/Active_Object.c **** 
 443              		.loc 1 10 5 discriminator 1 view .LVU91
 444              	.LBB18:
 445              	.LBI18:
 194:ThirdParty/FreeRTOS/portable/GCC/ARM_CM4F/portmacro.h ****     {
 446              		.loc 2 194 34 view .LVU92
 447              	.LBB19:
 196:ThirdParty/FreeRTOS/portable/GCC/ARM_CM4F/portmacro.h **** 
 448              		.loc 2 196 9 view .LVU93
 449              		.loc 2 198 9 view .LVU94
 450              		.syntax unified
 451              	@ 198 "ThirdParty/FreeRTOS/portable/GCC/ARM_CM4F/portmacro.h" 1
 452 0028 4FF05003 			mov r3, #80												
 453 002c 83F31188 		msr basepri, r3											
 454 0030 BFF36F8F 		isb														
 455 0034 BFF34F8F 		dsb														
 456              	
 457              	@ 0 "" 2
 458              		.thumb
 459              		.syntax unified
 460              	.L28:
 461              	.LBE19:
 462              	.LBE18:
  10:Core/Src/ActiveObject/Src/Active_Object.c **** 
 463              		.loc 1 10 5 discriminator 3 view .LVU95
  10:Core/Src/ActiveObject/Src/Active_Object.c **** 
 464              		.loc 1 10 5 discriminator 3 view .LVU96
 465 0038 FEE7     		b	.L28
 466              	.L34:
 467 003a 00BF     		.align	2
 468              	.L33:
 469 003c 00000000 		.word	entry_evt.0
 470              		.cfi_endproc
 471              	.LFE139:
 473              		.section	.text.Active_Constructor,"ax",%progbits
 474              		.align	1
 475              		.global	Active_Constructor
ARM GAS  C:\Users\Lamp\AppData\Local\Temp\cc60XLfz.s 			page 15


 476              		.syntax unified
 477              		.thumb
 478              		.thumb_func
 480              	Active_Constructor:
 481              	.LVL33:
 482              	.LFB145:
  85:Core/Src/ActiveObject/Src/Active_Object.c **** 
  86:Core/Src/ActiveObject/Src/Active_Object.c **** /**
  87:Core/Src/ActiveObject/Src/Active_Object.c ****  * Hàm constructer
  88:Core/Src/ActiveObject/Src/Active_Object.c ****  */
  89:Core/Src/ActiveObject/Src/Active_Object.c **** void Active_Constructor (Active * const self, StateHandler handler) {
 483              		.loc 1 89 69 view -0
 484              		.cfi_startproc
 485              		@ args = 0, pretend = 0, frame = 0
 486              		@ frame_needed = 0, uses_anonymous_args = 0
 487              		@ link register save eliminated.
  90:Core/Src/ActiveObject/Src/Active_Object.c ****     self->handler = handler;
 488              		.loc 1 90 5 view .LVU98
 489              		.loc 1 90 19 is_stmt 0 view .LVU99
 490 0000 C0F8B010 		str	r1, [r0, #176]
  91:Core/Src/ActiveObject/Src/Active_Object.c **** 
  92:Core/Src/ActiveObject/Src/Active_Object.c ****     self->eventLoop = &Active_eventloop;
 491              		.loc 1 92 5 is_stmt 1 view .LVU100
 492              		.loc 1 92 21 is_stmt 0 view .LVU101
 493 0004 094B     		ldr	r3, .L36
 494 0006 C0F8C030 		str	r3, [r0, #192]
  93:Core/Src/ActiveObject/Src/Active_Object.c ****     self->initial = &initial;
 495              		.loc 1 93 5 is_stmt 1 view .LVU102
 496              		.loc 1 93 19 is_stmt 0 view .LVU103
 497 000a 094B     		ldr	r3, .L36+4
 498 000c C0F8B430 		str	r3, [r0, #180]
  94:Core/Src/ActiveObject/Src/Active_Object.c ****     self->start = &start;
 499              		.loc 1 94 5 is_stmt 1 view .LVU104
 500              		.loc 1 94 17 is_stmt 0 view .LVU105
 501 0010 084B     		ldr	r3, .L36+8
 502 0012 C0F8B830 		str	r3, [r0, #184]
  95:Core/Src/ActiveObject/Src/Active_Object.c ****     self->dispatch = &dispatch;
 503              		.loc 1 95 5 is_stmt 1 view .LVU106
 504              		.loc 1 95 20 is_stmt 0 view .LVU107
 505 0016 084B     		ldr	r3, .L36+12
 506 0018 C0F8BC30 		str	r3, [r0, #188]
  96:Core/Src/ActiveObject/Src/Active_Object.c ****     self->post = &post;
 507              		.loc 1 96 5 is_stmt 1 view .LVU108
 508              		.loc 1 96 16 is_stmt 0 view .LVU109
 509 001c 074B     		ldr	r3, .L36+16
 510 001e C0F8C430 		str	r3, [r0, #196]
  97:Core/Src/ActiveObject/Src/Active_Object.c ****     self->postFromISR = &postFromISR;
 511              		.loc 1 97 5 is_stmt 1 view .LVU110
 512              		.loc 1 97 23 is_stmt 0 view .LVU111
 513 0022 074B     		ldr	r3, .L36+20
 514 0024 C0F8C830 		str	r3, [r0, #200]
  98:Core/Src/ActiveObject/Src/Active_Object.c **** }
 515              		.loc 1 98 1 view .LVU112
 516 0028 7047     		bx	lr
 517              	.L37:
 518 002a 00BF     		.align	2
 519              	.L36:
ARM GAS  C:\Users\Lamp\AppData\Local\Temp\cc60XLfz.s 			page 16


 520 002c 00000000 		.word	Active_eventloop
 521 0030 00000000 		.word	initial
 522 0034 00000000 		.word	start
 523 0038 00000000 		.word	dispatch
 524 003c 00000000 		.word	post
 525 0040 00000000 		.word	postFromISR
 526              		.cfi_endproc
 527              	.LFE145:
 529              		.section	.rodata.entry_evt.0,"a"
 530              		.align	2
 533              	entry_evt.0:
 534 0000 0100     		.short	1
 535              		.section	.rodata.entry_evt.1,"a"
 536              		.align	2
 539              	entry_evt.1:
 540 0000 0100     		.short	1
 541              		.section	.rodata.entry_evt.2,"a"
 542              		.align	2
 545              	entry_evt.2:
 546 0000 0100     		.short	1
 547              		.section	.rodata.exit_evt.3,"a"
 548              		.align	2
 551              	exit_evt.3:
 552 0000 0200     		.short	2
 553              		.text
 554              	.Letext0:
 555              		.file 3 "C:/ARM GNU Toolchain/arm-none-eabi/include/machine/_default_types.h"
 556              		.file 4 "C:/ARM GNU Toolchain/arm-none-eabi/include/sys/_stdint.h"
 557              		.file 5 "ThirdParty/FreeRTOS/include/projdefs.h"
 558              		.file 6 "ThirdParty/FreeRTOS/include/FreeRTOS.h"
 559              		.file 7 "ThirdParty/FreeRTOS/include/task.h"
 560              		.file 8 "ThirdParty/FreeRTOS/include/queue.h"
 561              		.file 9 "Core/Src/ActiveObject/Inc/Active_Object.h"
ARM GAS  C:\Users\Lamp\AppData\Local\Temp\cc60XLfz.s 			page 17


DEFINED SYMBOLS
                            *ABS*:00000000 Active_Object.c
C:\Users\Lamp\AppData\Local\Temp\cc60XLfz.s:21     .text.initial:00000000 $t
C:\Users\Lamp\AppData\Local\Temp\cc60XLfz.s:26     .text.initial:00000000 initial
C:\Users\Lamp\AppData\Local\Temp\cc60XLfz.s:60     .text.initial:00000018 $d
C:\Users\Lamp\AppData\Local\Temp\cc60XLfz.s:539    .rodata.entry_evt.1:00000000 entry_evt.1
C:\Users\Lamp\AppData\Local\Temp\cc60XLfz.s:65     .text.dispatch:00000000 $t
C:\Users\Lamp\AppData\Local\Temp\cc60XLfz.s:70     .text.dispatch:00000000 dispatch
C:\Users\Lamp\AppData\Local\Temp\cc60XLfz.s:138    .text.dispatch:00000030 $d
C:\Users\Lamp\AppData\Local\Temp\cc60XLfz.s:551    .rodata.exit_evt.3:00000000 exit_evt.3
C:\Users\Lamp\AppData\Local\Temp\cc60XLfz.s:545    .rodata.entry_evt.2:00000000 entry_evt.2
C:\Users\Lamp\AppData\Local\Temp\cc60XLfz.s:144    .text.postFromISR:00000000 $t
C:\Users\Lamp\AppData\Local\Temp\cc60XLfz.s:149    .text.postFromISR:00000000 postFromISR
C:\Users\Lamp\AppData\Local\Temp\cc60XLfz.s:214    .text.post:00000000 $t
C:\Users\Lamp\AppData\Local\Temp\cc60XLfz.s:219    .text.post:00000000 post
C:\Users\Lamp\AppData\Local\Temp\cc60XLfz.s:284    .rodata.start.str1.4:00000000 $d
C:\Users\Lamp\AppData\Local\Temp\cc60XLfz.s:288    .text.start:00000000 $t
C:\Users\Lamp\AppData\Local\Temp\cc60XLfz.s:293    .text.start:00000000 start
C:\Users\Lamp\AppData\Local\Temp\cc60XLfz.s:378    .text.start:00000040 $d
C:\Users\Lamp\AppData\Local\Temp\cc60XLfz.s:389    .text.Active_eventloop:00000000 Active_eventloop
C:\Users\Lamp\AppData\Local\Temp\cc60XLfz.s:384    .text.Active_eventloop:00000000 $t
C:\Users\Lamp\AppData\Local\Temp\cc60XLfz.s:469    .text.Active_eventloop:0000003c $d
C:\Users\Lamp\AppData\Local\Temp\cc60XLfz.s:533    .rodata.entry_evt.0:00000000 entry_evt.0
C:\Users\Lamp\AppData\Local\Temp\cc60XLfz.s:474    .text.Active_Constructor:00000000 $t
C:\Users\Lamp\AppData\Local\Temp\cc60XLfz.s:480    .text.Active_Constructor:00000000 Active_Constructor
C:\Users\Lamp\AppData\Local\Temp\cc60XLfz.s:520    .text.Active_Constructor:0000002c $d
C:\Users\Lamp\AppData\Local\Temp\cc60XLfz.s:530    .rodata.entry_evt.0:00000000 $d
C:\Users\Lamp\AppData\Local\Temp\cc60XLfz.s:536    .rodata.entry_evt.1:00000000 $d
C:\Users\Lamp\AppData\Local\Temp\cc60XLfz.s:542    .rodata.entry_evt.2:00000000 $d
C:\Users\Lamp\AppData\Local\Temp\cc60XLfz.s:548    .rodata.exit_evt.3:00000000 $d

UNDEFINED SYMBOLS
xQueueGenericSendFromISR
xQueueGenericSend
xQueueGenericCreate
xTaskCreate
xQueueReceive
