ARM GAS  C:\Users\Lamp\AppData\Local\Temp\ccSb34Nc.s 			page 1


   1              		.cpu cortex-m4
   2              		.arch armv7e-m
   3              		.fpu fpv4-sp-d16
   4              		.eabi_attribute 27, 1
   5              		.eabi_attribute 28, 1
   6              		.eabi_attribute 20, 1
   7              		.eabi_attribute 21, 1
   8              		.eabi_attribute 23, 3
   9              		.eabi_attribute 24, 1
  10              		.eabi_attribute 25, 1
  11              		.eabi_attribute 26, 1
  12              		.eabi_attribute 30, 1
  13              		.eabi_attribute 34, 1
  14              		.eabi_attribute 18, 4
  15              		.file	"button.c"
  16              		.text
  17              	.Ltext0:
  18              		.cfi_sections	.debug_frame
  19              		.file 1 "Core/Src/button.c"
  20              		.section	.text.Button_Init,"ax",%progbits
  21              		.align	1
  22              		.global	Button_Init
  23              		.syntax unified
  24              		.thumb
  25              		.thumb_func
  27              	Button_Init:
  28              	.LVL0:
  29              	.LFB139:
   1:Core/Src/button.c **** #include "Button.h"
   2:Core/Src/button.c **** #include "FreeRTOS.h"
   3:Core/Src/button.c **** #include "queue.h"
   4:Core/Src/button.c **** #include "main.h"
   5:Core/Src/button.c **** 
   6:Core/Src/button.c **** extern QueueHandle_t eventQueue;
   7:Core/Src/button.c **** 
   8:Core/Src/button.c **** void Button_Init(Button *const self, uint16_t pin) {
  30              		.loc 1 8 52 view -0
  31              		.cfi_startproc
  32              		@ args = 0, pretend = 0, frame = 0
  33              		@ frame_needed = 0, uses_anonymous_args = 0
  34              		@ link register save eliminated.
   9:Core/Src/button.c ****     self->pin = pin;
  35              		.loc 1 9 5 view .LVU1
  36              		.loc 1 9 15 is_stmt 0 view .LVU2
  37 0000 0180     		strh	r1, [r0]	@ movhi
  10:Core/Src/button.c **** }
  38              		.loc 1 10 1 view .LVU3
  39 0002 7047     		bx	lr
  40              		.cfi_endproc
  41              	.LFE139:
  43              		.section	.text.Button_CheckPress,"ax",%progbits
  44              		.align	1
  45              		.global	Button_CheckPress
  46              		.syntax unified
  47              		.thumb
  48              		.thumb_func
  50              	Button_CheckPress:
ARM GAS  C:\Users\Lamp\AppData\Local\Temp\ccSb34Nc.s 			page 2


  51              	.LVL1:
  52              	.LFB140:
  11:Core/Src/button.c **** 
  12:Core/Src/button.c **** 
  13:Core/Src/button.c **** uint8_t btn_read = 0;
  14:Core/Src/button.c **** uint8_t press_read = 0;
  15:Core/Src/button.c **** void Button_CheckPress(Button *const self) {
  53              		.loc 1 15 44 is_stmt 1 view -0
  54              		.cfi_startproc
  55              		@ args = 0, pretend = 0, frame = 8
  56              		@ frame_needed = 0, uses_anonymous_args = 0
  57              		.loc 1 15 44 is_stmt 0 view .LVU5
  58 0000 00B5     		push	{lr}
  59              	.LCFI0:
  60              		.cfi_def_cfa_offset 4
  61              		.cfi_offset 14, -4
  62 0002 83B0     		sub	sp, sp, #12
  63              	.LCFI1:
  64              		.cfi_def_cfa_offset 16
  16:Core/Src/button.c ****     Event event = {EVENT_BUTTON_RELEASED};
  65              		.loc 1 16 5 is_stmt 1 view .LVU6
  66              		.loc 1 16 11 is_stmt 0 view .LVU7
  67 0004 0123     		movs	r3, #1
  68 0006 8DF80430 		strb	r3, [sp, #4]
  17:Core/Src/button.c **** 
  18:Core/Src/button.c ****     btn_read = HAL_GPIO_ReadPin(GPIOA, self->pin);
  69              		.loc 1 18 5 is_stmt 1 view .LVU8
  70              		.loc 1 18 16 is_stmt 0 view .LVU9
  71 000a 0188     		ldrh	r1, [r0]
  72 000c 0C48     		ldr	r0, .L6
  73              	.LVL2:
  74              		.loc 1 18 16 view .LVU10
  75 000e FFF7FEFF 		bl	HAL_GPIO_ReadPin
  76              	.LVL3:
  77              		.loc 1 18 14 view .LVU11
  78 0012 0C4B     		ldr	r3, .L6+4
  79 0014 1870     		strb	r0, [r3]
  19:Core/Src/button.c ****     if (btn_read == Set) {
  80              		.loc 1 19 5 is_stmt 1 view .LVU12
  81              		.loc 1 19 8 is_stmt 0 view .LVU13
  82 0016 0128     		cmp	r0, #1
  83 0018 0BD0     		beq	.L5
  84              	.L3:
  20:Core/Src/button.c ****         if (!press_read) event.type = EVENT_BUTTON_PRESSED;
  21:Core/Src/button.c ****     }
  22:Core/Src/button.c ****     press_read = btn_read;
  85              		.loc 1 22 5 is_stmt 1 view .LVU14
  86              		.loc 1 22 16 is_stmt 0 view .LVU15
  87 001a 0B4B     		ldr	r3, .L6+8
  88 001c 1870     		strb	r0, [r3]
  23:Core/Src/button.c ****     xQueueSend(eventQueue, &event, 0);
  89              		.loc 1 23 5 is_stmt 1 view .LVU16
  90 001e 0023     		movs	r3, #0
  91 0020 1A46     		mov	r2, r3
  92 0022 01A9     		add	r1, sp, #4
  93 0024 0948     		ldr	r0, .L6+12
  94 0026 0068     		ldr	r0, [r0]
ARM GAS  C:\Users\Lamp\AppData\Local\Temp\ccSb34Nc.s 			page 3


  95 0028 FFF7FEFF 		bl	xQueueGenericSend
  96              	.LVL4:
  24:Core/Src/button.c **** }
  97              		.loc 1 24 1 is_stmt 0 view .LVU17
  98 002c 03B0     		add	sp, sp, #12
  99              	.LCFI2:
 100              		.cfi_remember_state
 101              		.cfi_def_cfa_offset 4
 102              		@ sp needed
 103 002e 5DF804FB 		ldr	pc, [sp], #4
 104              	.L5:
 105              	.LCFI3:
 106              		.cfi_restore_state
  20:Core/Src/button.c ****         if (!press_read) event.type = EVENT_BUTTON_PRESSED;
 107              		.loc 1 20 9 is_stmt 1 view .LVU18
  20:Core/Src/button.c ****         if (!press_read) event.type = EVENT_BUTTON_PRESSED;
 108              		.loc 1 20 13 is_stmt 0 view .LVU19
 109 0032 054B     		ldr	r3, .L6+8
 110 0034 1B78     		ldrb	r3, [r3]	@ zero_extendqisi2
  20:Core/Src/button.c ****         if (!press_read) event.type = EVENT_BUTTON_PRESSED;
 111              		.loc 1 20 12 view .LVU20
 112 0036 002B     		cmp	r3, #0
 113 0038 EFD1     		bne	.L3
  20:Core/Src/button.c ****         if (!press_read) event.type = EVENT_BUTTON_PRESSED;
 114              		.loc 1 20 26 is_stmt 1 discriminator 1 view .LVU21
  20:Core/Src/button.c ****         if (!press_read) event.type = EVENT_BUTTON_PRESSED;
 115              		.loc 1 20 37 is_stmt 0 discriminator 1 view .LVU22
 116 003a 8DF80430 		strb	r3, [sp, #4]
 117 003e ECE7     		b	.L3
 118              	.L7:
 119              		.align	2
 120              	.L6:
 121 0040 00000240 		.word	1073872896
 122 0044 00000000 		.word	btn_read
 123 0048 00000000 		.word	press_read
 124 004c 00000000 		.word	eventQueue
 125              		.cfi_endproc
 126              	.LFE140:
 128              		.global	press_read
 129              		.section	.bss.press_read,"aw",%nobits
 132              	press_read:
 133 0000 00       		.space	1
 134              		.global	btn_read
 135              		.section	.bss.btn_read,"aw",%nobits
 138              	btn_read:
 139 0000 00       		.space	1
 140              		.text
 141              	.Letext0:
 142              		.file 2 "C:\\ST\\STM32CubeCLT_1.16.0\\GNU-tools-for-STM32\\bin\\../lib/gcc/arm-none-eabi/12.3.1/..
 143              		.file 3 "C:\\ST\\STM32CubeCLT_1.16.0\\GNU-tools-for-STM32\\bin\\../lib/gcc/arm-none-eabi/12.3.1/..
 144              		.file 4 "Core/Inc/Events.h"
 145              		.file 5 "Core/Inc/Button.h"
 146              		.file 6 "ThirdParty/FreeRTOS/portable/GCC/ARM_CM4F/portmacro.h"
 147              		.file 7 "ThirdParty/FreeRTOS/include/queue.h"
 148              		.file 8 "Drivers/CMSIS/Device/ST/STM32F4xx/Include/stm32f407xx.h"
 149              		.file 9 "Drivers/STM32F4xx_HAL_Driver/Inc/stm32f4xx_hal_gpio.h"
ARM GAS  C:\Users\Lamp\AppData\Local\Temp\ccSb34Nc.s 			page 4


DEFINED SYMBOLS
                            *ABS*:00000000 button.c
C:\Users\Lamp\AppData\Local\Temp\ccSb34Nc.s:21     .text.Button_Init:00000000 $t
C:\Users\Lamp\AppData\Local\Temp\ccSb34Nc.s:27     .text.Button_Init:00000000 Button_Init
C:\Users\Lamp\AppData\Local\Temp\ccSb34Nc.s:44     .text.Button_CheckPress:00000000 $t
C:\Users\Lamp\AppData\Local\Temp\ccSb34Nc.s:50     .text.Button_CheckPress:00000000 Button_CheckPress
C:\Users\Lamp\AppData\Local\Temp\ccSb34Nc.s:121    .text.Button_CheckPress:00000040 $d
C:\Users\Lamp\AppData\Local\Temp\ccSb34Nc.s:138    .bss.btn_read:00000000 btn_read
C:\Users\Lamp\AppData\Local\Temp\ccSb34Nc.s:132    .bss.press_read:00000000 press_read
C:\Users\Lamp\AppData\Local\Temp\ccSb34Nc.s:133    .bss.press_read:00000000 $d
C:\Users\Lamp\AppData\Local\Temp\ccSb34Nc.s:139    .bss.btn_read:00000000 $d

UNDEFINED SYMBOLS
HAL_GPIO_ReadPin
xQueueGenericSend
eventQueue
