ARM GAS  C:\Users\Lamp\AppData\Local\Temp\cctSOGNg.s 			page 1


   1              		.cpu cortex-m4
   2              		.arch armv7e-m
   3              		.fpu fpv4-sp-d16
   4              		.eabi_attribute 27, 1
   5              		.eabi_attribute 28, 1
   6              		.eabi_attribute 20, 1
   7              		.eabi_attribute 21, 1
   8              		.eabi_attribute 23, 3
   9              		.eabi_attribute 24, 1
  10              		.eabi_attribute 25, 1
  11              		.eabi_attribute 26, 1
  12              		.eabi_attribute 30, 1
  13              		.eabi_attribute 34, 1
  14              		.eabi_attribute 18, 4
  15              		.file	"main.c"
  16              		.text
  17              	.Ltext0:
  18              		.cfi_sections	.debug_frame
  19              		.file 1 "Core/Src/main.c"
  20              		.section	.text.main,"ax",%progbits
  21              		.align	1
  22              		.global	main
  23              		.syntax unified
  24              		.thumb
  25              		.thumb_func
  27              	main:
  28              	.LFB139:
   1:Core/Src/main.c **** #include "main.h"
   2:Core/Src/main.c **** 
   3:Core/Src/main.c **** static Blinky1 blinky1;
   4:Core/Src/main.c **** Active *AO_blinky1 = &blinky1.super;
   5:Core/Src/main.c **** 
   6:Core/Src/main.c **** static Button button;
   7:Core/Src/main.c **** Active *AO_button = &button.super;
   8:Core/Src/main.c **** 
   9:Core/Src/main.c **** 
  10:Core/Src/main.c **** int main(void) {
  29              		.loc 1 10 16 view -0
  30              		.cfi_startproc
  31              		@ args = 0, pretend = 0, frame = 0
  32              		@ frame_needed = 0, uses_anonymous_args = 0
  33 0000 08B5     		push	{r3, lr}
  34              	.LCFI0:
  35              		.cfi_def_cfa_offset 8
  36              		.cfi_offset 3, -8
  37              		.cfi_offset 14, -4
  11:Core/Src/main.c ****   HAL_Init();
  38              		.loc 1 11 3 view .LVU1
  39 0002 FFF7FEFF 		bl	HAL_Init
  40              	.LVL0:
  12:Core/Src/main.c ****   SystemClock_Config();
  41              		.loc 1 12 3 view .LVU2
  42 0006 FFF7FEFF 		bl	SystemClock_Config
  43              	.LVL1:
  13:Core/Src/main.c ****   MX_Periferal_Init();
  44              		.loc 1 13 3 view .LVU3
  45 000a FFF7FEFF 		bl	MX_Periferal_Init
ARM GAS  C:\Users\Lamp\AppData\Local\Temp\cctSOGNg.s 			page 2


  46              	.LVL2:
  14:Core/Src/main.c **** 
  15:Core/Src/main.c ****   Blinky1_ctor(&blinky1);
  47              		.loc 1 15 3 view .LVU4
  48 000e 0C48     		ldr	r0, .L3
  49 0010 FFF7FEFF 		bl	Blinky1_ctor
  50              	.LVL3:
  16:Core/Src/main.c ****   Active_start(AO_blinky1, 2, 10, configMINIMAL_STACK_SIZE);
  51              		.loc 1 16 3 view .LVU5
  52 0014 8223     		movs	r3, #130
  53 0016 0A22     		movs	r2, #10
  54 0018 0221     		movs	r1, #2
  55 001a 0A48     		ldr	r0, .L3+4
  56 001c 0068     		ldr	r0, [r0]
  57 001e FFF7FEFF 		bl	Active_start
  58              	.LVL4:
  17:Core/Src/main.c **** 
  18:Core/Src/main.c ****   Button_ctor(&button);
  59              		.loc 1 18 3 view .LVU6
  60 0022 0948     		ldr	r0, .L3+8
  61 0024 FFF7FEFF 		bl	Button_ctor
  62              	.LVL5:
  19:Core/Src/main.c ****   Active_start(AO_button, 2, 10, configMINIMAL_STACK_SIZE);
  63              		.loc 1 19 3 view .LVU7
  64 0028 8223     		movs	r3, #130
  65 002a 0A22     		movs	r2, #10
  66 002c 0221     		movs	r1, #2
  67 002e 0748     		ldr	r0, .L3+12
  68 0030 0068     		ldr	r0, [r0]
  69 0032 FFF7FEFF 		bl	Active_start
  70              	.LVL6:
  20:Core/Src/main.c **** 
  21:Core/Src/main.c ****   vTaskStartScheduler();
  71              		.loc 1 21 3 view .LVU8
  72 0036 FFF7FEFF 		bl	vTaskStartScheduler
  73              	.LVL7:
  22:Core/Src/main.c **** }
  74              		.loc 1 22 1 is_stmt 0 view .LVU9
  75 003a 0020     		movs	r0, #0
  76 003c 08BD     		pop	{r3, pc}
  77              	.L4:
  78 003e 00BF     		.align	2
  79              	.L3:
  80 0040 00000000 		.word	blinky1
  81 0044 00000000 		.word	AO_blinky1
  82 0048 00000000 		.word	button
  83 004c 00000000 		.word	AO_button
  84              		.cfi_endproc
  85              	.LFE139:
  87              		.global	AO_button
  88              		.section	.data.AO_button,"aw"
  89              		.align	2
  92              	AO_button:
  93 0000 00000000 		.word	button
  94              		.section	.bss.button,"aw",%nobits
  95              		.align	2
  98              	button:
ARM GAS  C:\Users\Lamp\AppData\Local\Temp\cctSOGNg.s 			page 3


  99 0000 00000000 		.space	180
  99      00000000 
  99      00000000 
  99      00000000 
  99      00000000 
 100              		.global	AO_blinky1
 101              		.section	.data.AO_blinky1,"aw"
 102              		.align	2
 105              	AO_blinky1:
 106 0000 00000000 		.word	blinky1
 107              		.section	.bss.blinky1,"aw",%nobits
 108              		.align	2
 111              	blinky1:
 112 0000 00000000 		.space	184
 112      00000000 
 112      00000000 
 112      00000000 
 112      00000000 
 113              		.text
 114              	.Letext0:
 115              		.file 2 "C:/ARM GNU Toolchain/arm-none-eabi/include/machine/_default_types.h"
 116              		.file 3 "C:/ARM GNU Toolchain/arm-none-eabi/include/sys/_stdint.h"
 117              		.file 4 "Drivers/STM32F4xx_HAL_Driver/Inc/stm32f4xx_hal_def.h"
 118              		.file 5 "ThirdParty/FreeRTOS/portable/GCC/ARM_CM4F/portmacro.h"
 119              		.file 6 "ThirdParty/FreeRTOS/include/FreeRTOS.h"
 120              		.file 7 "ThirdParty/FreeRTOS/include/task.h"
 121              		.file 8 "ThirdParty/FreeRTOS/include/queue.h"
 122              		.file 9 "Core/Src/ActiveObject/Inc/Active_Object.h"
 123              		.file 10 "Core/Src/ActiveObject/Inc/Button.h"
 124              		.file 11 "Core/Src/ActiveObject/Inc/Blinky.h"
 125              		.file 12 "Core/Src/Drivers/Inc/SysConfig.h"
 126              		.file 13 "Drivers/STM32F4xx_HAL_Driver/Inc/stm32f4xx_hal.h"
ARM GAS  C:\Users\Lamp\AppData\Local\Temp\cctSOGNg.s 			page 4


DEFINED SYMBOLS
                            *ABS*:00000000 main.c
C:\Users\Lamp\AppData\Local\Temp\cctSOGNg.s:21     .text.main:00000000 $t
C:\Users\Lamp\AppData\Local\Temp\cctSOGNg.s:27     .text.main:00000000 main
C:\Users\Lamp\AppData\Local\Temp\cctSOGNg.s:80     .text.main:00000040 $d
C:\Users\Lamp\AppData\Local\Temp\cctSOGNg.s:111    .bss.blinky1:00000000 blinky1
C:\Users\Lamp\AppData\Local\Temp\cctSOGNg.s:105    .data.AO_blinky1:00000000 AO_blinky1
C:\Users\Lamp\AppData\Local\Temp\cctSOGNg.s:98     .bss.button:00000000 button
C:\Users\Lamp\AppData\Local\Temp\cctSOGNg.s:92     .data.AO_button:00000000 AO_button
C:\Users\Lamp\AppData\Local\Temp\cctSOGNg.s:89     .data.AO_button:00000000 $d
C:\Users\Lamp\AppData\Local\Temp\cctSOGNg.s:95     .bss.button:00000000 $d
C:\Users\Lamp\AppData\Local\Temp\cctSOGNg.s:102    .data.AO_blinky1:00000000 $d
C:\Users\Lamp\AppData\Local\Temp\cctSOGNg.s:108    .bss.blinky1:00000000 $d

UNDEFINED SYMBOLS
HAL_Init
SystemClock_Config
MX_Periferal_Init
Blinky1_ctor
Active_start
Button_ctor
vTaskStartScheduler
