ARM GAS  C:\Users\Lamp\AppData\Local\Temp\ccGysjyY.s 			page 1


   1              		.cpu cortex-m4
   2              		.arch armv7e-m
   3              		.fpu fpv4-sp-d16
   4              		.eabi_attribute 27, 1
   5              		.eabi_attribute 28, 1
   6              		.eabi_attribute 20, 1
   7              		.eabi_attribute 21, 1
   8              		.eabi_attribute 23, 3
   9              		.eabi_attribute 24, 1
  10              		.eabi_attribute 25, 1
  11              		.eabi_attribute 26, 1
  12              		.eabi_attribute 30, 1
  13              		.eabi_attribute 34, 1
  14              		.eabi_attribute 18, 4
  15              		.file	"stm32f4xx_it.c"
  16              		.text
  17              	.Ltext0:
  18              		.cfi_sections	.debug_frame
  19              		.file 1 "Core/Src/stm32f4xx_it.c"
  20              		.section	.text.NMI_Handler,"ax",%progbits
  21              		.align	1
  22              		.global	NMI_Handler
  23              		.syntax unified
  24              		.thumb
  25              		.thumb_func
  27              	NMI_Handler:
  28              	.LFB139:
   1:Core/Src/stm32f4xx_it.c **** /* USER CODE BEGIN Header */
   2:Core/Src/stm32f4xx_it.c **** /**
   3:Core/Src/stm32f4xx_it.c ****   ******************************************************************************
   4:Core/Src/stm32f4xx_it.c ****   * @file    stm32f4xx_it.c
   5:Core/Src/stm32f4xx_it.c ****   * @brief   Interrupt Service Routines.
   6:Core/Src/stm32f4xx_it.c ****   ******************************************************************************
   7:Core/Src/stm32f4xx_it.c ****   * @attention
   8:Core/Src/stm32f4xx_it.c ****   *
   9:Core/Src/stm32f4xx_it.c ****   * Copyright (c) 2024 STMicroelectronics.
  10:Core/Src/stm32f4xx_it.c ****   * All rights reserved.
  11:Core/Src/stm32f4xx_it.c ****   *
  12:Core/Src/stm32f4xx_it.c ****   * This software is licensed under terms that can be found in the LICENSE file
  13:Core/Src/stm32f4xx_it.c ****   * in the root directory of this software component.
  14:Core/Src/stm32f4xx_it.c ****   * If no LICENSE file comes with this software, it is provided AS-IS.
  15:Core/Src/stm32f4xx_it.c ****   *
  16:Core/Src/stm32f4xx_it.c ****   ******************************************************************************
  17:Core/Src/stm32f4xx_it.c ****   */
  18:Core/Src/stm32f4xx_it.c **** /* USER CODE END Header */
  19:Core/Src/stm32f4xx_it.c **** 
  20:Core/Src/stm32f4xx_it.c **** /* Includes ------------------------------------------------------------------*/
  21:Core/Src/stm32f4xx_it.c **** #include "main.h"
  22:Core/Src/stm32f4xx_it.c **** #include "stm32f4xx_it.h"
  23:Core/Src/stm32f4xx_it.c **** /* Private includes ----------------------------------------------------------*/
  24:Core/Src/stm32f4xx_it.c **** /* USER CODE BEGIN Includes */
  25:Core/Src/stm32f4xx_it.c **** /* USER CODE END Includes */
  26:Core/Src/stm32f4xx_it.c **** 
  27:Core/Src/stm32f4xx_it.c **** /* Private typedef -----------------------------------------------------------*/
  28:Core/Src/stm32f4xx_it.c **** /* USER CODE BEGIN TD */
  29:Core/Src/stm32f4xx_it.c **** 
  30:Core/Src/stm32f4xx_it.c **** /* USER CODE END TD */
ARM GAS  C:\Users\Lamp\AppData\Local\Temp\ccGysjyY.s 			page 2


  31:Core/Src/stm32f4xx_it.c **** 
  32:Core/Src/stm32f4xx_it.c **** /* Private define ------------------------------------------------------------*/
  33:Core/Src/stm32f4xx_it.c **** /* USER CODE BEGIN PD */
  34:Core/Src/stm32f4xx_it.c **** 
  35:Core/Src/stm32f4xx_it.c **** /* USER CODE END PD */
  36:Core/Src/stm32f4xx_it.c **** 
  37:Core/Src/stm32f4xx_it.c **** /* Private macro -------------------------------------------------------------*/
  38:Core/Src/stm32f4xx_it.c **** /* USER CODE BEGIN PM */
  39:Core/Src/stm32f4xx_it.c **** 
  40:Core/Src/stm32f4xx_it.c **** /* USER CODE END PM */
  41:Core/Src/stm32f4xx_it.c **** 
  42:Core/Src/stm32f4xx_it.c **** /* Private variables ---------------------------------------------------------*/
  43:Core/Src/stm32f4xx_it.c **** /* USER CODE BEGIN PV */
  44:Core/Src/stm32f4xx_it.c **** 
  45:Core/Src/stm32f4xx_it.c **** /* USER CODE END PV */
  46:Core/Src/stm32f4xx_it.c **** 
  47:Core/Src/stm32f4xx_it.c **** /* Private function prototypes -----------------------------------------------*/
  48:Core/Src/stm32f4xx_it.c **** /* USER CODE BEGIN PFP */
  49:Core/Src/stm32f4xx_it.c **** 
  50:Core/Src/stm32f4xx_it.c **** /* USER CODE END PFP */
  51:Core/Src/stm32f4xx_it.c **** 
  52:Core/Src/stm32f4xx_it.c **** /* Private user code ---------------------------------------------------------*/
  53:Core/Src/stm32f4xx_it.c **** /* USER CODE BEGIN 0 */
  54:Core/Src/stm32f4xx_it.c **** 
  55:Core/Src/stm32f4xx_it.c **** /* USER CODE END 0 */
  56:Core/Src/stm32f4xx_it.c **** 
  57:Core/Src/stm32f4xx_it.c **** /* External variables --------------------------------------------------------*/
  58:Core/Src/stm32f4xx_it.c **** 
  59:Core/Src/stm32f4xx_it.c **** /* USER CODE BEGIN EV */
  60:Core/Src/stm32f4xx_it.c **** 
  61:Core/Src/stm32f4xx_it.c **** /* USER CODE END EV */
  62:Core/Src/stm32f4xx_it.c **** 
  63:Core/Src/stm32f4xx_it.c **** /******************************************************************************/
  64:Core/Src/stm32f4xx_it.c **** /*           Cortex-M4 Processor Interruption and Exception Handlers          */
  65:Core/Src/stm32f4xx_it.c **** /******************************************************************************/
  66:Core/Src/stm32f4xx_it.c **** /**
  67:Core/Src/stm32f4xx_it.c ****   * @brief This function handles Non maskable interrupt.
  68:Core/Src/stm32f4xx_it.c ****   */
  69:Core/Src/stm32f4xx_it.c **** void NMI_Handler(void)
  70:Core/Src/stm32f4xx_it.c **** {
  29              		.loc 1 70 1 view -0
  30              		.cfi_startproc
  31              		@ Volatile: function does not return.
  32              		@ args = 0, pretend = 0, frame = 0
  33              		@ frame_needed = 0, uses_anonymous_args = 0
  34              		@ link register save eliminated.
  35              	.L2:
  71:Core/Src/stm32f4xx_it.c ****   /* USER CODE BEGIN NonMaskableInt_IRQn 0 */
  72:Core/Src/stm32f4xx_it.c **** 
  73:Core/Src/stm32f4xx_it.c ****   /* USER CODE END NonMaskableInt_IRQn 0 */
  74:Core/Src/stm32f4xx_it.c ****   /* USER CODE BEGIN NonMaskableInt_IRQn 1 */
  75:Core/Src/stm32f4xx_it.c ****    while (1)
  36              		.loc 1 75 4 view .LVU1
  76:Core/Src/stm32f4xx_it.c ****   {
  77:Core/Src/stm32f4xx_it.c ****   }
  37              		.loc 1 77 3 view .LVU2
  75:Core/Src/stm32f4xx_it.c ****   {
ARM GAS  C:\Users\Lamp\AppData\Local\Temp\ccGysjyY.s 			page 3


  38              		.loc 1 75 10 view .LVU3
  39 0000 FEE7     		b	.L2
  40              		.cfi_endproc
  41              	.LFE139:
  43              		.section	.text.HardFault_Handler,"ax",%progbits
  44              		.align	1
  45              		.global	HardFault_Handler
  46              		.syntax unified
  47              		.thumb
  48              		.thumb_func
  50              	HardFault_Handler:
  51              	.LFB140:
  78:Core/Src/stm32f4xx_it.c ****   /* USER CODE END NonMaskableInt_IRQn 1 */
  79:Core/Src/stm32f4xx_it.c **** }
  80:Core/Src/stm32f4xx_it.c **** 
  81:Core/Src/stm32f4xx_it.c **** /**
  82:Core/Src/stm32f4xx_it.c ****   * @brief This function handles Hard fault interrupt.
  83:Core/Src/stm32f4xx_it.c ****   */
  84:Core/Src/stm32f4xx_it.c **** void HardFault_Handler(void)
  85:Core/Src/stm32f4xx_it.c **** {
  52              		.loc 1 85 1 view -0
  53              		.cfi_startproc
  54              		@ Volatile: function does not return.
  55              		@ args = 0, pretend = 0, frame = 0
  56              		@ frame_needed = 0, uses_anonymous_args = 0
  57              		@ link register save eliminated.
  58              	.L4:
  86:Core/Src/stm32f4xx_it.c ****   /* USER CODE BEGIN HardFault_IRQn 0 */
  87:Core/Src/stm32f4xx_it.c **** 
  88:Core/Src/stm32f4xx_it.c ****   /* USER CODE END HardFault_IRQn 0 */
  89:Core/Src/stm32f4xx_it.c ****   while (1)
  59              		.loc 1 89 3 view .LVU5
  90:Core/Src/stm32f4xx_it.c ****   {
  91:Core/Src/stm32f4xx_it.c ****     /* USER CODE BEGIN W1_HardFault_IRQn 0 */
  92:Core/Src/stm32f4xx_it.c ****     /* USER CODE END W1_HardFault_IRQn 0 */
  93:Core/Src/stm32f4xx_it.c ****   }
  60              		.loc 1 93 3 view .LVU6
  89:Core/Src/stm32f4xx_it.c ****   {
  61              		.loc 1 89 9 view .LVU7
  62 0000 FEE7     		b	.L4
  63              		.cfi_endproc
  64              	.LFE140:
  66              		.section	.text.MemManage_Handler,"ax",%progbits
  67              		.align	1
  68              		.global	MemManage_Handler
  69              		.syntax unified
  70              		.thumb
  71              		.thumb_func
  73              	MemManage_Handler:
  74              	.LFB141:
  94:Core/Src/stm32f4xx_it.c **** }
  95:Core/Src/stm32f4xx_it.c **** 
  96:Core/Src/stm32f4xx_it.c **** /**
  97:Core/Src/stm32f4xx_it.c ****   * @brief This function handles Memory management fault.
  98:Core/Src/stm32f4xx_it.c ****   */
  99:Core/Src/stm32f4xx_it.c **** void MemManage_Handler(void)
 100:Core/Src/stm32f4xx_it.c **** {
ARM GAS  C:\Users\Lamp\AppData\Local\Temp\ccGysjyY.s 			page 4


  75              		.loc 1 100 1 view -0
  76              		.cfi_startproc
  77              		@ Volatile: function does not return.
  78              		@ args = 0, pretend = 0, frame = 0
  79              		@ frame_needed = 0, uses_anonymous_args = 0
  80              		@ link register save eliminated.
  81              	.L6:
 101:Core/Src/stm32f4xx_it.c ****   /* USER CODE BEGIN MemoryManagement_IRQn 0 */
 102:Core/Src/stm32f4xx_it.c **** 
 103:Core/Src/stm32f4xx_it.c ****   /* USER CODE END MemoryManagement_IRQn 0 */
 104:Core/Src/stm32f4xx_it.c ****   while (1)
  82              		.loc 1 104 3 view .LVU9
 105:Core/Src/stm32f4xx_it.c ****   {
 106:Core/Src/stm32f4xx_it.c ****     /* USER CODE BEGIN W1_MemoryManagement_IRQn 0 */
 107:Core/Src/stm32f4xx_it.c ****     /* USER CODE END W1_MemoryManagement_IRQn 0 */
 108:Core/Src/stm32f4xx_it.c ****   }
  83              		.loc 1 108 3 view .LVU10
 104:Core/Src/stm32f4xx_it.c ****   {
  84              		.loc 1 104 9 view .LVU11
  85 0000 FEE7     		b	.L6
  86              		.cfi_endproc
  87              	.LFE141:
  89              		.section	.text.BusFault_Handler,"ax",%progbits
  90              		.align	1
  91              		.global	BusFault_Handler
  92              		.syntax unified
  93              		.thumb
  94              		.thumb_func
  96              	BusFault_Handler:
  97              	.LFB142:
 109:Core/Src/stm32f4xx_it.c **** }
 110:Core/Src/stm32f4xx_it.c **** 
 111:Core/Src/stm32f4xx_it.c **** /**
 112:Core/Src/stm32f4xx_it.c ****   * @brief This function handles Pre-fetch fault, memory access fault.
 113:Core/Src/stm32f4xx_it.c ****   */
 114:Core/Src/stm32f4xx_it.c **** void BusFault_Handler(void)
 115:Core/Src/stm32f4xx_it.c **** {
  98              		.loc 1 115 1 view -0
  99              		.cfi_startproc
 100              		@ Volatile: function does not return.
 101              		@ args = 0, pretend = 0, frame = 0
 102              		@ frame_needed = 0, uses_anonymous_args = 0
 103              		@ link register save eliminated.
 104              	.L8:
 116:Core/Src/stm32f4xx_it.c ****   /* USER CODE BEGIN BusFault_IRQn 0 */
 117:Core/Src/stm32f4xx_it.c **** 
 118:Core/Src/stm32f4xx_it.c ****   /* USER CODE END BusFault_IRQn 0 */
 119:Core/Src/stm32f4xx_it.c ****   while (1)
 105              		.loc 1 119 3 view .LVU13
 120:Core/Src/stm32f4xx_it.c ****   {
 121:Core/Src/stm32f4xx_it.c ****     /* USER CODE BEGIN W1_BusFault_IRQn 0 */
 122:Core/Src/stm32f4xx_it.c ****     /* USER CODE END W1_BusFault_IRQn 0 */
 123:Core/Src/stm32f4xx_it.c ****   }
 106              		.loc 1 123 3 view .LVU14
 119:Core/Src/stm32f4xx_it.c ****   {
 107              		.loc 1 119 9 view .LVU15
 108 0000 FEE7     		b	.L8
ARM GAS  C:\Users\Lamp\AppData\Local\Temp\ccGysjyY.s 			page 5


 109              		.cfi_endproc
 110              	.LFE142:
 112              		.section	.text.UsageFault_Handler,"ax",%progbits
 113              		.align	1
 114              		.global	UsageFault_Handler
 115              		.syntax unified
 116              		.thumb
 117              		.thumb_func
 119              	UsageFault_Handler:
 120              	.LFB143:
 124:Core/Src/stm32f4xx_it.c **** }
 125:Core/Src/stm32f4xx_it.c **** 
 126:Core/Src/stm32f4xx_it.c **** /**
 127:Core/Src/stm32f4xx_it.c ****   * @brief This function handles Undefined instruction or illegal state.
 128:Core/Src/stm32f4xx_it.c ****   */
 129:Core/Src/stm32f4xx_it.c **** void UsageFault_Handler(void)
 130:Core/Src/stm32f4xx_it.c **** {
 121              		.loc 1 130 1 view -0
 122              		.cfi_startproc
 123              		@ Volatile: function does not return.
 124              		@ args = 0, pretend = 0, frame = 0
 125              		@ frame_needed = 0, uses_anonymous_args = 0
 126              		@ link register save eliminated.
 127              	.L10:
 131:Core/Src/stm32f4xx_it.c ****   /* USER CODE BEGIN UsageFault_IRQn 0 */
 132:Core/Src/stm32f4xx_it.c **** 
 133:Core/Src/stm32f4xx_it.c ****   /* USER CODE END UsageFault_IRQn 0 */
 134:Core/Src/stm32f4xx_it.c ****   while (1)
 128              		.loc 1 134 3 view .LVU17
 135:Core/Src/stm32f4xx_it.c ****   {
 136:Core/Src/stm32f4xx_it.c ****     /* USER CODE BEGIN W1_UsageFault_IRQn 0 */
 137:Core/Src/stm32f4xx_it.c ****     /* USER CODE END W1_UsageFault_IRQn 0 */
 138:Core/Src/stm32f4xx_it.c ****   }
 129              		.loc 1 138 3 view .LVU18
 134:Core/Src/stm32f4xx_it.c ****   {
 130              		.loc 1 134 9 view .LVU19
 131 0000 FEE7     		b	.L10
 132              		.cfi_endproc
 133              	.LFE143:
 135              		.section	.text.DebugMon_Handler,"ax",%progbits
 136              		.align	1
 137              		.global	DebugMon_Handler
 138              		.syntax unified
 139              		.thumb
 140              		.thumb_func
 142              	DebugMon_Handler:
 143              	.LFB144:
 139:Core/Src/stm32f4xx_it.c **** }
 140:Core/Src/stm32f4xx_it.c **** 
 141:Core/Src/stm32f4xx_it.c **** /**
 142:Core/Src/stm32f4xx_it.c ****   * @brief This function handles System service call via SWI instruction.
 143:Core/Src/stm32f4xx_it.c ****   */
 144:Core/Src/stm32f4xx_it.c **** // void SVC_Handler(void)
 145:Core/Src/stm32f4xx_it.c **** // {
 146:Core/Src/stm32f4xx_it.c **** //   /* USER CODE BEGIN SVCall_IRQn 0 */
 147:Core/Src/stm32f4xx_it.c **** 
 148:Core/Src/stm32f4xx_it.c **** //   /* USER CODE END SVCall_IRQn 0 */
ARM GAS  C:\Users\Lamp\AppData\Local\Temp\ccGysjyY.s 			page 6


 149:Core/Src/stm32f4xx_it.c **** //   /* USER CODE BEGIN SVCall_IRQn 1 */
 150:Core/Src/stm32f4xx_it.c **** 
 151:Core/Src/stm32f4xx_it.c **** //   /* USER CODE END SVCall_IRQn 1 */
 152:Core/Src/stm32f4xx_it.c **** // }
 153:Core/Src/stm32f4xx_it.c **** 
 154:Core/Src/stm32f4xx_it.c **** /**
 155:Core/Src/stm32f4xx_it.c ****   * @brief This function handles Debug monitor.
 156:Core/Src/stm32f4xx_it.c ****   */
 157:Core/Src/stm32f4xx_it.c **** void DebugMon_Handler(void)
 158:Core/Src/stm32f4xx_it.c **** {
 144              		.loc 1 158 1 view -0
 145              		.cfi_startproc
 146              		@ args = 0, pretend = 0, frame = 0
 147              		@ frame_needed = 0, uses_anonymous_args = 0
 148              		@ link register save eliminated.
 159:Core/Src/stm32f4xx_it.c ****   /* USER CODE BEGIN DebugMonitor_IRQn 0 */
 160:Core/Src/stm32f4xx_it.c **** 
 161:Core/Src/stm32f4xx_it.c ****   /* USER CODE END DebugMonitor_IRQn 0 */
 162:Core/Src/stm32f4xx_it.c ****   /* USER CODE BEGIN DebugMonitor_IRQn 1 */
 163:Core/Src/stm32f4xx_it.c **** 
 164:Core/Src/stm32f4xx_it.c ****   /* USER CODE END DebugMonitor_IRQn 1 */
 165:Core/Src/stm32f4xx_it.c **** }
 149              		.loc 1 165 1 view .LVU21
 150 0000 7047     		bx	lr
 151              		.cfi_endproc
 152              	.LFE144:
 154              		.section	.text.EXTI0_IRQHandler,"ax",%progbits
 155              		.align	1
 156              		.global	EXTI0_IRQHandler
 157              		.syntax unified
 158              		.thumb
 159              		.thumb_func
 161              	EXTI0_IRQHandler:
 162              	.LFB145:
 166:Core/Src/stm32f4xx_it.c **** 
 167:Core/Src/stm32f4xx_it.c **** /**
 168:Core/Src/stm32f4xx_it.c ****   * @brief This function handles Pendable request for system service.
 169:Core/Src/stm32f4xx_it.c ****   */
 170:Core/Src/stm32f4xx_it.c **** // void PendSV_Handler(void)
 171:Core/Src/stm32f4xx_it.c **** // {
 172:Core/Src/stm32f4xx_it.c **** //   /* USER CODE BEGIN PendSV_IRQn 0 */
 173:Core/Src/stm32f4xx_it.c **** 
 174:Core/Src/stm32f4xx_it.c **** //   /* USER CODE END PendSV_IRQn 0 */
 175:Core/Src/stm32f4xx_it.c **** //   /* USER CODE BEGIN PendSV_IRQn 1 */
 176:Core/Src/stm32f4xx_it.c **** 
 177:Core/Src/stm32f4xx_it.c **** //   /* USER CODE END PendSV_IRQn 1 */
 178:Core/Src/stm32f4xx_it.c **** // }
 179:Core/Src/stm32f4xx_it.c **** 
 180:Core/Src/stm32f4xx_it.c **** /**
 181:Core/Src/stm32f4xx_it.c ****   * @brief This function handles System tick timer.
 182:Core/Src/stm32f4xx_it.c ****   */
 183:Core/Src/stm32f4xx_it.c **** // void SysTick_Handler(void)
 184:Core/Src/stm32f4xx_it.c **** // {
 185:Core/Src/stm32f4xx_it.c **** //   /* USER CODE BEGIN SysTick_IRQn 0 */
 186:Core/Src/stm32f4xx_it.c **** 
 187:Core/Src/stm32f4xx_it.c **** //   /* USER CODE END SysTick_IRQn 0 */
 188:Core/Src/stm32f4xx_it.c **** //   HAL_IncTick();
ARM GAS  C:\Users\Lamp\AppData\Local\Temp\ccGysjyY.s 			page 7


 189:Core/Src/stm32f4xx_it.c **** //   /* USER CODE BEGIN SysTick_IRQn 1 */
 190:Core/Src/stm32f4xx_it.c **** 
 191:Core/Src/stm32f4xx_it.c **** //   /* USER CODE END SysTick_IRQn 1 */
 192:Core/Src/stm32f4xx_it.c **** // }
 193:Core/Src/stm32f4xx_it.c **** 
 194:Core/Src/stm32f4xx_it.c **** /******************************************************************************/
 195:Core/Src/stm32f4xx_it.c **** /* STM32F4xx Peripheral Interrupt Handlers                                    */
 196:Core/Src/stm32f4xx_it.c **** /* Add here the Interrupt Handlers for the used peripherals.                  */
 197:Core/Src/stm32f4xx_it.c **** /* For the available peripheral interrupt handler names,                      */
 198:Core/Src/stm32f4xx_it.c **** /* please refer to the startup file (startup_stm32f4xx.s).                    */
 199:Core/Src/stm32f4xx_it.c **** /******************************************************************************/
 200:Core/Src/stm32f4xx_it.c **** 
 201:Core/Src/stm32f4xx_it.c **** extern Active * AO_button;
 202:Core/Src/stm32f4xx_it.c **** extern Active * AO_blinky;
 203:Core/Src/stm32f4xx_it.c **** 
 204:Core/Src/stm32f4xx_it.c **** /* USER CODE BEGIN 1 */
 205:Core/Src/stm32f4xx_it.c **** // Xử lý ngắt cho EXTI0 (PA0)
 206:Core/Src/stm32f4xx_it.c **** void EXTI0_IRQHandler (void) {
 163              		.loc 1 206 30 view -0
 164              		.cfi_startproc
 165              		@ args = 0, pretend = 0, frame = 8
 166              		@ frame_needed = 0, uses_anonymous_args = 0
 207:Core/Src/stm32f4xx_it.c ****   // Kiểm tra xem ngắt có phải từ PA0 không
 208:Core/Src/stm32f4xx_it.c ****   if (__HAL_GPIO_EXTI_GET_IT(GPIO_PIN_0) != RESET) 
 167              		.loc 1 208 3 view .LVU23
 168              		.loc 1 208 7 is_stmt 0 view .LVU24
 169 0000 174B     		ldr	r3, .L23
 170 0002 5B69     		ldr	r3, [r3, #20]
 171              		.loc 1 208 6 view .LVU25
 172 0004 13F0010F 		tst	r3, #1
 173 0008 00D1     		bne	.L21
 174 000a 7047     		bx	lr
 175              	.L21:
 206:Core/Src/stm32f4xx_it.c ****   // Kiểm tra xem ngắt có phải từ PA0 không
 176              		.loc 1 206 30 view .LVU26
 177 000c 00B5     		push	{lr}
 178              	.LCFI0:
 179              		.cfi_def_cfa_offset 4
 180              		.cfi_offset 14, -4
 181 000e 83B0     		sub	sp, sp, #12
 182              	.LCFI1:
 183              		.cfi_def_cfa_offset 16
 184              	.LBB2:
 209:Core/Src/stm32f4xx_it.c ****   {
 210:Core/Src/stm32f4xx_it.c ****     // Xóa cờ ngắt (Clear interrupt flag)
 211:Core/Src/stm32f4xx_it.c ****     __HAL_GPIO_EXTI_CLEAR_IT(GPIO_PIN_0);
 185              		.loc 1 211 5 is_stmt 1 view .LVU27
 186 0010 0121     		movs	r1, #1
 187 0012 134B     		ldr	r3, .L23
 188 0014 5961     		str	r1, [r3, #20]
 212:Core/Src/stm32f4xx_it.c **** 
 213:Core/Src/stm32f4xx_it.c ****     BaseType_t xHigherPriorityTaskWoken = pdFALSE;
 189              		.loc 1 213 5 view .LVU28
 190              		.loc 1 213 16 is_stmt 0 view .LVU29
 191 0016 0023     		movs	r3, #0
 192 0018 0193     		str	r3, [sp, #4]
 214:Core/Src/stm32f4xx_it.c ****     Event btnEvt;
ARM GAS  C:\Users\Lamp\AppData\Local\Temp\ccGysjyY.s 			page 8


 193              		.loc 1 214 5 is_stmt 1 view .LVU30
 215:Core/Src/stm32f4xx_it.c **** 
 216:Core/Src/stm32f4xx_it.c ****     /* Đọc trạng thái của nút nhấn */
 217:Core/Src/stm32f4xx_it.c ****     uint8_t btnStatus = HAL_GPIO_ReadPin(GPIOA, GPIO_PIN_0);
 194              		.loc 1 217 5 view .LVU31
 195              		.loc 1 217 25 is_stmt 0 view .LVU32
 196 001a 1248     		ldr	r0, .L23+4
 197 001c FFF7FEFF 		bl	HAL_GPIO_ReadPin
 198              	.LVL0:
 218:Core/Src/stm32f4xx_it.c ****     /* Nếu bắt được trạng thái nhấn nút */
 219:Core/Src/stm32f4xx_it.c ****     if (btnStatus == GPIO_PIN_SET) {
 199              		.loc 1 219 5 is_stmt 1 view .LVU33
 200              		.loc 1 219 8 is_stmt 0 view .LVU34
 201 0020 0128     		cmp	r0, #1
 202 0022 18D0     		beq	.L22
 220:Core/Src/stm32f4xx_it.c ****       btnEvt.signal = BUTTON_PRESSED_SIG;
 221:Core/Src/stm32f4xx_it.c ****     }
 222:Core/Src/stm32f4xx_it.c ****     /* Nếu bắt được trạng thái nhả nút */
 223:Core/Src/stm32f4xx_it.c ****     else {
 224:Core/Src/stm32f4xx_it.c ****       btnEvt.signal = BUTTON_RELEASED_SIG;
 203              		.loc 1 224 7 is_stmt 1 view .LVU35
 204              		.loc 1 224 21 is_stmt 0 view .LVU36
 205 0024 0423     		movs	r3, #4
 206 0026 ADF80030 		strh	r3, [sp]	@ movhi
 207              	.L15:
 225:Core/Src/stm32f4xx_it.c ****     }
 226:Core/Src/stm32f4xx_it.c **** 
 227:Core/Src/stm32f4xx_it.c ****     /* Post Event from ISR to ActiveObject */
 228:Core/Src/stm32f4xx_it.c ****     AO_button->postFromISR(AO_button, &btnEvt, &xHigherPriorityTaskWoken);
 208              		.loc 1 228 5 is_stmt 1 view .LVU37
 209              		.loc 1 228 14 is_stmt 0 view .LVU38
 210 002a 0F4B     		ldr	r3, .L23+8
 211 002c 1868     		ldr	r0, [r3]
 212              	.LVL1:
 213              		.loc 1 228 14 view .LVU39
 214 002e D0F8C830 		ldr	r3, [r0, #200]
 215              		.loc 1 228 5 view .LVU40
 216 0032 01AA     		add	r2, sp, #4
 217 0034 6946     		mov	r1, sp
 218 0036 9847     		blx	r3
 219              	.LVL2:
 229:Core/Src/stm32f4xx_it.c ****     portEND_SWITCHING_ISR(xHigherPriorityTaskWoken);
 220              		.loc 1 229 5 is_stmt 1 view .LVU41
 221              		.loc 1 229 5 view .LVU42
 222 0038 019B     		ldr	r3, [sp, #4]
 223 003a 4BB1     		cbz	r3, .L12
 224              		.loc 1 229 5 discriminator 1 view .LVU43
 225 003c 4FF0E023 		mov	r3, #-536813568
 226 0040 4FF08052 		mov	r2, #268435456
 227 0044 C3F8042D 		str	r2, [r3, #3332]
 228              		.loc 1 229 5 discriminator 1 view .LVU44
 229              		.syntax unified
 230              	@ 229 "Core/Src/stm32f4xx_it.c" 1
 231 0048 BFF34F8F 		dsb
 232              	@ 0 "" 2
 233              		.loc 1 229 5 discriminator 1 view .LVU45
 234              	@ 229 "Core/Src/stm32f4xx_it.c" 1
ARM GAS  C:\Users\Lamp\AppData\Local\Temp\ccGysjyY.s 			page 9


 235 004c BFF36F8F 		isb
 236              	@ 0 "" 2
 237              		.loc 1 229 5 discriminator 3 view .LVU46
 238              		.loc 1 229 5 discriminator 3 view .LVU47
 239              		.thumb
 240              		.syntax unified
 241              	.L12:
 242              	.LBE2:
 230:Core/Src/stm32f4xx_it.c ****   }
 231:Core/Src/stm32f4xx_it.c **** }
 243              		.loc 1 231 1 is_stmt 0 view .LVU48
 244 0050 03B0     		add	sp, sp, #12
 245              	.LCFI2:
 246              		.cfi_remember_state
 247              		.cfi_def_cfa_offset 4
 248              		@ sp needed
 249 0052 5DF804FB 		ldr	pc, [sp], #4
 250              	.LVL3:
 251              	.L22:
 252              	.LCFI3:
 253              		.cfi_restore_state
 254              	.LBB3:
 220:Core/Src/stm32f4xx_it.c ****     }
 255              		.loc 1 220 7 is_stmt 1 view .LVU49
 220:Core/Src/stm32f4xx_it.c ****     }
 256              		.loc 1 220 21 is_stmt 0 view .LVU50
 257 0056 0323     		movs	r3, #3
 258 0058 ADF80030 		strh	r3, [sp]	@ movhi
 259 005c E5E7     		b	.L15
 260              	.L24:
 261 005e 00BF     		.align	2
 262              	.L23:
 263 0060 003C0140 		.word	1073822720
 264 0064 00000240 		.word	1073872896
 265 0068 00000000 		.word	AO_button
 266              	.LBE3:
 267              		.cfi_endproc
 268              	.LFE145:
 270              		.section	.text.HAL_TIM_PeriodElapsedCallback,"ax",%progbits
 271              		.align	1
 272              		.global	HAL_TIM_PeriodElapsedCallback
 273              		.syntax unified
 274              		.thumb
 275              		.thumb_func
 277              	HAL_TIM_PeriodElapsedCallback:
 278              	.LVL4:
 279              	.LFB146:
 232:Core/Src/stm32f4xx_it.c **** 
 233:Core/Src/stm32f4xx_it.c **** void HAL_TIM_PeriodElapsedCallback(TIM_HandleTypeDef *htim) {
 280              		.loc 1 233 61 is_stmt 1 view -0
 281              		.cfi_startproc
 282              		@ args = 0, pretend = 0, frame = 8
 283              		@ frame_needed = 0, uses_anonymous_args = 0
 284              		.loc 1 233 61 is_stmt 0 view .LVU52
 285 0000 00B5     		push	{lr}
 286              	.LCFI4:
 287              		.cfi_def_cfa_offset 4
ARM GAS  C:\Users\Lamp\AppData\Local\Temp\ccGysjyY.s 			page 10


 288              		.cfi_offset 14, -4
 289 0002 83B0     		sub	sp, sp, #12
 290              	.LCFI5:
 291              		.cfi_def_cfa_offset 16
 234:Core/Src/stm32f4xx_it.c ****   BaseType_t xHigherPriorityTaskWoken = pdFALSE;
 292              		.loc 1 234 3 is_stmt 1 view .LVU53
 293              		.loc 1 234 14 is_stmt 0 view .LVU54
 294 0004 0023     		movs	r3, #0
 295 0006 0193     		str	r3, [sp, #4]
 235:Core/Src/stm32f4xx_it.c ****   if (htim->Instance == TIM7) {
 296              		.loc 1 235 3 is_stmt 1 view .LVU55
 297              		.loc 1 235 11 is_stmt 0 view .LVU56
 298 0008 0268     		ldr	r2, [r0]
 299              		.loc 1 235 6 view .LVU57
 300 000a 0D4B     		ldr	r3, .L30
 301 000c 9A42     		cmp	r2, r3
 302 000e 0ED0     		beq	.L29
 303              	.LVL5:
 304              	.L26:
 236:Core/Src/stm32f4xx_it.c ****     static const Event time_evt = { .signal = TIME_OUT_SIG };
 237:Core/Src/stm32f4xx_it.c ****     /* Send the time out event to the Blinky Active Object */
 238:Core/Src/stm32f4xx_it.c ****     AO_blinky->postFromISR(AO_blinky, &time_evt, &xHigherPriorityTaskWoken);
 239:Core/Src/stm32f4xx_it.c ****   }
 240:Core/Src/stm32f4xx_it.c ****   portEND_SWITCHING_ISR(xHigherPriorityTaskWoken);
 305              		.loc 1 240 3 is_stmt 1 view .LVU58
 306              		.loc 1 240 3 view .LVU59
 307 0010 019B     		ldr	r3, [sp, #4]
 308 0012 4BB1     		cbz	r3, .L25
 309              		.loc 1 240 3 discriminator 1 view .LVU60
 310 0014 4FF0E023 		mov	r3, #-536813568
 311 0018 4FF08052 		mov	r2, #268435456
 312 001c C3F8042D 		str	r2, [r3, #3332]
 313              		.loc 1 240 3 discriminator 1 view .LVU61
 314              		.syntax unified
 315              	@ 240 "Core/Src/stm32f4xx_it.c" 1
 316 0020 BFF34F8F 		dsb
 317              	@ 0 "" 2
 318              		.loc 1 240 3 discriminator 1 view .LVU62
 319              	@ 240 "Core/Src/stm32f4xx_it.c" 1
 320 0024 BFF36F8F 		isb
 321              	@ 0 "" 2
 322              		.loc 1 240 3 discriminator 3 view .LVU63
 323              		.loc 1 240 3 discriminator 3 view .LVU64
 324              		.thumb
 325              		.syntax unified
 326              	.L25:
 241:Core/Src/stm32f4xx_it.c **** }
 327              		.loc 1 241 1 is_stmt 0 view .LVU65
 328 0028 03B0     		add	sp, sp, #12
 329              	.LCFI6:
 330              		.cfi_remember_state
 331              		.cfi_def_cfa_offset 4
 332              		@ sp needed
 333 002a 5DF804FB 		ldr	pc, [sp], #4
 334              	.LVL6:
 335              	.L29:
 336              	.LCFI7:
ARM GAS  C:\Users\Lamp\AppData\Local\Temp\ccGysjyY.s 			page 11


 337              		.cfi_restore_state
 338              	.LBB4:
 236:Core/Src/stm32f4xx_it.c ****     static const Event time_evt = { .signal = TIME_OUT_SIG };
 339              		.loc 1 236 5 is_stmt 1 view .LVU66
 238:Core/Src/stm32f4xx_it.c ****   }
 340              		.loc 1 238 5 view .LVU67
 238:Core/Src/stm32f4xx_it.c ****   }
 341              		.loc 1 238 14 is_stmt 0 view .LVU68
 342 002e 054B     		ldr	r3, .L30+4
 343 0030 1868     		ldr	r0, [r3]
 344              	.LVL7:
 238:Core/Src/stm32f4xx_it.c ****   }
 345              		.loc 1 238 14 view .LVU69
 346 0032 D0F8C830 		ldr	r3, [r0, #200]
 238:Core/Src/stm32f4xx_it.c ****   }
 347              		.loc 1 238 5 view .LVU70
 348 0036 01AA     		add	r2, sp, #4
 349 0038 0349     		ldr	r1, .L30+8
 350 003a 9847     		blx	r3
 351              	.LVL8:
 352 003c E8E7     		b	.L26
 353              	.L31:
 354 003e 00BF     		.align	2
 355              	.L30:
 356 0040 00140040 		.word	1073746944
 357 0044 00000000 		.word	AO_blinky
 358 0048 00000000 		.word	time_evt.0
 359              	.LBE4:
 360              		.cfi_endproc
 361              	.LFE146:
 363              		.section	.rodata.time_evt.0,"a"
 364              		.align	2
 367              	time_evt.0:
 368 0000 0300     		.short	3
 369              		.text
 370              	.Letext0:
 371              		.file 2 "C:/ARM GNU Toolchain/arm-none-eabi/include/machine/_default_types.h"
 372              		.file 3 "C:/ARM GNU Toolchain/arm-none-eabi/include/sys/_stdint.h"
 373              		.file 4 "Drivers/CMSIS/Device/ST/STM32F4xx/Include/stm32f407xx.h"
 374              		.file 5 "Drivers/CMSIS/Device/ST/STM32F4xx/Include/stm32f4xx.h"
 375              		.file 6 "Drivers/STM32F4xx_HAL_Driver/Inc/stm32f4xx_hal_def.h"
 376              		.file 7 "Drivers/STM32F4xx_HAL_Driver/Inc/stm32f4xx_hal_gpio.h"
 377              		.file 8 "Drivers/STM32F4xx_HAL_Driver/Inc/stm32f4xx_hal_dma.h"
 378              		.file 9 "Drivers/STM32F4xx_HAL_Driver/Inc/stm32f4xx_hal_tim.h"
 379              		.file 10 "ThirdParty/FreeRTOS/portable/GCC/ARM_CM4F/portmacro.h"
 380              		.file 11 "ThirdParty/FreeRTOS/include/FreeRTOS.h"
 381              		.file 12 "ThirdParty/FreeRTOS/include/task.h"
 382              		.file 13 "ThirdParty/FreeRTOS/include/queue.h"
 383              		.file 14 "Core/Src/ActiveObject/Inc/Active_Object.h"
 384              		.file 15 "Core/Src/ActiveObject/Inc/Button.h"
 385              		.file 16 "Core/Src/ActiveObject/Inc/Blinky.h"
ARM GAS  C:\Users\Lamp\AppData\Local\Temp\ccGysjyY.s 			page 12


DEFINED SYMBOLS
                            *ABS*:00000000 stm32f4xx_it.c
C:\Users\Lamp\AppData\Local\Temp\ccGysjyY.s:21     .text.NMI_Handler:00000000 $t
C:\Users\Lamp\AppData\Local\Temp\ccGysjyY.s:27     .text.NMI_Handler:00000000 NMI_Handler
C:\Users\Lamp\AppData\Local\Temp\ccGysjyY.s:44     .text.HardFault_Handler:00000000 $t
C:\Users\Lamp\AppData\Local\Temp\ccGysjyY.s:50     .text.HardFault_Handler:00000000 HardFault_Handler
C:\Users\Lamp\AppData\Local\Temp\ccGysjyY.s:67     .text.MemManage_Handler:00000000 $t
C:\Users\Lamp\AppData\Local\Temp\ccGysjyY.s:73     .text.MemManage_Handler:00000000 MemManage_Handler
C:\Users\Lamp\AppData\Local\Temp\ccGysjyY.s:90     .text.BusFault_Handler:00000000 $t
C:\Users\Lamp\AppData\Local\Temp\ccGysjyY.s:96     .text.BusFault_Handler:00000000 BusFault_Handler
C:\Users\Lamp\AppData\Local\Temp\ccGysjyY.s:113    .text.UsageFault_Handler:00000000 $t
C:\Users\Lamp\AppData\Local\Temp\ccGysjyY.s:119    .text.UsageFault_Handler:00000000 UsageFault_Handler
C:\Users\Lamp\AppData\Local\Temp\ccGysjyY.s:136    .text.DebugMon_Handler:00000000 $t
C:\Users\Lamp\AppData\Local\Temp\ccGysjyY.s:142    .text.DebugMon_Handler:00000000 DebugMon_Handler
C:\Users\Lamp\AppData\Local\Temp\ccGysjyY.s:155    .text.EXTI0_IRQHandler:00000000 $t
C:\Users\Lamp\AppData\Local\Temp\ccGysjyY.s:161    .text.EXTI0_IRQHandler:00000000 EXTI0_IRQHandler
C:\Users\Lamp\AppData\Local\Temp\ccGysjyY.s:263    .text.EXTI0_IRQHandler:00000060 $d
C:\Users\Lamp\AppData\Local\Temp\ccGysjyY.s:271    .text.HAL_TIM_PeriodElapsedCallback:00000000 $t
C:\Users\Lamp\AppData\Local\Temp\ccGysjyY.s:277    .text.HAL_TIM_PeriodElapsedCallback:00000000 HAL_TIM_PeriodElapsedCallback
C:\Users\Lamp\AppData\Local\Temp\ccGysjyY.s:356    .text.HAL_TIM_PeriodElapsedCallback:00000040 $d
C:\Users\Lamp\AppData\Local\Temp\ccGysjyY.s:367    .rodata.time_evt.0:00000000 time_evt.0
C:\Users\Lamp\AppData\Local\Temp\ccGysjyY.s:364    .rodata.time_evt.0:00000000 $d

UNDEFINED SYMBOLS
HAL_GPIO_ReadPin
AO_button
AO_blinky
